TN:
SF:components\auth\GoogleSignInButton.vue
FN:37,(anonymous_0)
FN:53,(anonymous_1)
FNF:2
FNH:0
FNDA:0,(anonymous_0)
FNDA:0,(anonymous_1)
DA:2,0
DA:10,0
DA:20,0
DA:25,0
DA:31,0
DA:35,0
DA:37,0
DA:38,0
DA:39,0
DA:41,0
DA:43,0
DA:45,0
DA:47,0
DA:49,0
DA:53,0
DA:54,0
DA:55,0
LF:17
LH:0
BRDA:38,0,0,0
BRDA:38,0,1,0
BRDA:39,1,0,0
BRDA:39,1,1,0
BRDA:41,2,0,0
BRDA:41,2,1,0
BRDA:41,2,2,0
BRDA:41,2,3,0
BRDA:54,3,0,0
BRDA:54,3,1,0
BRDA:54,4,0,0
BRDA:54,4,1,0
BRDA:2,5,0,0
BRDA:2,5,1,0
BRDA:6,6,0,0
BRDA:6,6,1,0
BRDA:10,7,0,0
BRDA:10,7,1,NaN
BRDA:25,8,0,0
BRDA:25,8,1,0
BRF:20
BRH:0
end_of_record
TN:
SF:components\business\BusinessWidget.vue
FN:33,(anonymous_0)
FN:35,(anonymous_1)
FN:45,getRoleBadgeClass
FN:2,(anonymous_3)
FNF:4
FNH:0
FNDA:0,(anonymous_0)
FNDA:0,(anonymous_1)
FNDA:0,getRoleBadgeClass
FNDA:0,(anonymous_3)
DA:8,0
DA:18,0
DA:20,0
DA:30,0
DA:33,0
DA:34,0
DA:35,0
DA:46,0
DA:48,0
DA:50,0
DA:52,0
DA:54,0
LF:12
LH:0
BRDA:34,0,0,0
BRDA:34,0,1,0
BRDA:35,1,0,0
BRDA:35,1,1,0
BRDA:37,2,0,0
BRDA:37,2,1,0
BRDA:38,3,0,0
BRDA:38,3,1,0
BRDA:46,4,0,0
BRDA:46,4,1,0
BRDA:46,4,2,0
BRDA:46,4,3,0
BRDA:8,5,0,0
BRDA:8,5,1,0
BRDA:13,6,0,0
BRDA:13,6,1,0
BRDA:18,7,0,0
BRDA:18,7,1,NaN
BRDA:18,8,0,0
BRDA:18,8,1,0
BRF:20
BRH:0
end_of_record
TN:
SF:components\export\ExportModal.vue
FN:153,(anonymous_0)
FN:155,(anonymous_1)
FN:159,(anonymous_2)
FN:165,(anonymous_3)
FN:166,(anonymous_4)
FN:169,(anonymous_5)
FN:175,(anonymous_6)
FN:179,(anonymous_7)
FN:184,(anonymous_8)
FN:6,(anonymous_9)
FN:98,(anonymous_10)
FN:101,(anonymous_11)
FN:2,(anonymous_12)
FN:14,(anonymous_13)
FN:48,(anonymous_14)
FN:25,(anonymous_15)
FN:58,(anonymous_16)
FN:76,(anonymous_17)
FN:86,(anonymous_18)
FNF:19
FNH:0
FNDA:0,(anonymous_0)
FNDA:0,(anonymous_1)
FNDA:0,(anonymous_2)
FNDA:0,(anonymous_3)
FNDA:0,(anonymous_4)
FNDA:0,(anonymous_5)
FNDA:0,(anonymous_6)
FNDA:0,(anonymous_7)
FNDA:0,(anonymous_8)
FNDA:0,(anonymous_9)
FNDA:0,(anonymous_10)
FNDA:0,(anonymous_11)
FNDA:0,(anonymous_12)
FNDA:0,(anonymous_13)
FNDA:0,(anonymous_14)
FNDA:0,(anonymous_15)
FNDA:0,(anonymous_16)
FNDA:0,(anonymous_17)
FNDA:0,(anonymous_18)
DA:6,0
DA:13,0
DA:14,0
DA:17,0
DA:20,0
DA:43,0
DA:47,0
DA:48,0
DA:53,0
DA:60,0
DA:69,0
DA:71,0
DA:81,0
DA:93,0
DA:94,0
DA:101,0
DA:107,0
DA:110,0
DA:117,0
DA:127,0
DA:134,0
DA:138,0
DA:141,0
DA:148,0
DA:149,0
DA:150,0
DA:153,0
DA:155,0
DA:156,0
DA:159,0
DA:160,0
DA:164,0
DA:165,0
DA:167,0
DA:169,0
DA:175,0
DA:176,0
DA:177,0
DA:179,0
DA:184,0
DA:185,0
DA:195,0
DA:196,0
LF:43
LH:0
BRDA:167,0,0,0
BRDA:167,0,1,0
BRDA:176,1,0,0
BRDA:176,1,1,0
BRDA:195,2,0,0
BRDA:195,2,1,0
BRDA:107,3,0,0
BRDA:107,3,1,0
BRDA:107,4,0,0
BRDA:107,4,1,0
BRDA:110,5,0,0
BRDA:110,5,1,NaN
BRDA:117,6,0,0
BRDA:117,6,1,0
BRDA:107,7,0,0
BRDA:107,7,1,0
BRDA:110,8,0,0
BRDA:110,8,1,0
BRDA:17,9,0,0
BRDA:17,9,1,0
BRDA:43,10,0,0
BRDA:43,10,1,0
BRDA:53,11,0,0
BRDA:53,11,1,0
BRDA:53,12,0,0
BRDA:53,12,1,0
BRDA:60,13,0,0
BRDA:60,13,1,NaN
BRDA:69,14,0,0
BRDA:69,14,1,0
BRDA:79,15,0,0
BRDA:79,15,1,0
BRDA:93,16,0,0
BRDA:93,16,1,NaN
BRDA:60,17,0,0
BRDA:60,17,1,0
BRDA:93,18,0,0
BRDA:93,18,1,0
BRF:38
BRH:0
end_of_record
TN:
SF:components\import\ImportColumnMapping.vue
FN:167,(anonymous_0)
FN:168,(anonymous_1)
FN:175,(anonymous_2)
FN:180,(anonymous_3)
FN:181,(anonymous_4)
FN:185,(anonymous_5)
FN:189,(anonymous_6)
FN:194,(anonymous_7)
FN:204,(anonymous_8)
FN:206,(anonymous_9)
FN:219,(anonymous_10)
FN:222,(anonymous_11)
FN:223,(anonymous_12)
FN:226,(anonymous_13)
FN:235,(anonymous_14)
FN:243,(anonymous_15)
FN:255,(anonymous_16)
FN:278,(anonymous_17)
FN:287,(anonymous_18)
FN:303,(anonymous_19)
FN:332,(anonymous_20)
FN:342,(anonymous_21)
FN:351,(anonymous_22)
FN:366,(anonymous_23)
FN:23,(anonymous_24)
FN:29,(anonymous_25)
FN:54,(anonymous_26)
FN:81,(anonymous_27)
FN:98,(anonymous_28)
FNF:29
FNH:0
FNDA:0,(anonymous_0)
FNDA:0,(anonymous_1)
FNDA:0,(anonymous_2)
FNDA:0,(anonymous_3)
FNDA:0,(anonymous_4)
FNDA:0,(anonymous_5)
FNDA:0,(anonymous_6)
FNDA:0,(anonymous_7)
FNDA:0,(anonymous_8)
FNDA:0,(anonymous_9)
FNDA:0,(anonymous_10)
FNDA:0,(anonymous_11)
FNDA:0,(anonymous_12)
FNDA:0,(anonymous_13)
FNDA:0,(anonymous_14)
FNDA:0,(anonymous_15)
FNDA:0,(anonymous_16)
FNDA:0,(anonymous_17)
FNDA:0,(anonymous_18)
FNDA:0,(anonymous_19)
FNDA:0,(anonymous_20)
FNDA:0,(anonymous_21)
FNDA:0,(anonymous_22)
FNDA:0,(anonymous_23)
FNDA:0,(anonymous_24)
FNDA:0,(anonymous_25)
FNDA:0,(anonymous_26)
FNDA:0,(anonymous_27)
FNDA:0,(anonymous_28)
DA:2,0
DA:12,0
DA:23,0
DA:29,0
DA:35,0
DA:36,0
DA:54,0
DA:58,0
DA:60,0
DA:81,0
DA:88,0
DA:98,0
DA:110,0
DA:115,0
DA:128,0
DA:142,0
DA:150,0
DA:156,0
DA:160,0
DA:163,0
DA:166,0
DA:167,0
DA:169,0
DA:175,0
DA:176,0
DA:180,0
DA:181,0
DA:185,0
DA:186,0
DA:189,0
DA:190,0
DA:194,0
DA:195,0
DA:196,0
DA:200,0
DA:204,0
DA:205,0
DA:206,0
DA:208,0
DA:219,0
DA:220,0
DA:222,0
DA:223,0
DA:226,0
DA:228,0
DA:230,0
DA:235,0
DA:236,0
DA:237,0
DA:238,0
DA:243,0
DA:244,0
DA:245,0
DA:247,0
DA:248,0
DA:251,0
DA:255,0
DA:257,0
DA:260,0
DA:262,0
DA:264,0
DA:265,0
DA:269,0
DA:278,0
DA:279,0
DA:283,0
DA:284,0
DA:285,0
DA:287,0
DA:294,0
DA:299,0
DA:303,0
DA:304,0
DA:306,0
DA:308,0
DA:309,0
DA:314,0
DA:315,0
DA:317,0
DA:318,0
DA:319,0
DA:322,0
DA:323,0
DA:324,0
DA:327,0
DA:328,0
DA:332,0
DA:333,0
DA:334,0
DA:335,0
DA:336,0
DA:338,0
DA:342,0
DA:343,0
DA:351,0
DA:352,0
DA:355,0
DA:358,0
DA:359,0
DA:362,0
DA:366,0
DA:367,0
LF:102
LH:0
BRDA:181,0,0,0
BRDA:181,0,1,0
BRDA:181,0,2,0
BRDA:190,1,0,0
BRDA:190,1,1,0
BRDA:195,2,0,0
BRDA:195,2,1,0
BRDA:206,3,0,0
BRDA:206,3,1,0
BRDA:210,4,0,0
BRDA:210,4,1,0
BRDA:211,5,0,0
BRDA:211,5,1,0
BRDA:212,6,0,0
BRDA:212,6,1,0
BRDA:213,7,0,0
BRDA:213,7,1,0
BRDA:214,8,0,0
BRDA:214,8,1,0
BRDA:222,9,0,0
BRDA:222,9,1,0
BRDA:228,10,0,0
BRDA:228,10,1,0
BRDA:236,11,0,0
BRDA:236,11,1,0
BRDA:237,12,0,0
BRDA:237,12,1,0
BRDA:244,13,0,0
BRDA:244,13,1,0
BRDA:247,14,0,0
BRDA:247,14,1,0
BRDA:284,15,0,0
BRDA:284,15,1,0
BRDA:289,16,0,0
BRDA:289,16,1,0
BRDA:306,17,0,0
BRDA:306,17,1,0
BRDA:315,18,0,0
BRDA:315,18,1,0
BRDA:334,19,0,0
BRDA:334,19,1,0
BRDA:352,20,0,0
BRDA:352,20,1,0
BRDA:355,21,0,0
BRDA:355,21,1,0
BRDA:358,22,0,0
BRDA:358,22,1,0
BRDA:358,23,0,0
BRDA:358,23,1,0
BRDA:12,24,0,0
BRDA:12,24,1,0
BRDA:36,25,0,0
BRDA:36,25,1,NaN
BRDA:58,26,0,0
BRDA:58,26,1,NaN
BRDA:79,27,0,0
BRDA:79,27,1,0
BRDA:111,28,0,0
BRDA:111,28,1,0
BRDA:112,29,0,0
BRDA:112,29,1,0
BRDA:115,30,0,0
BRDA:115,30,1,NaN
BRF:63
BRH:0
end_of_record
TN:
SF:components\import\ImportFileUpload.vue
FN:156,(anonymous_0)
FN:169,(anonymous_1)
FN:173,(anonymous_2)
FN:203,(anonymous_3)
FN:224,(anonymous_4)
FN:231,(anonymous_5)
FN:246,(anonymous_6)
FN:252,(anonymous_7)
FN:258,(anonymous_8)
FN:266,(anonymous_9)
FN:278,(anonymous_10)
FNF:11
FNH:0
FNDA:0,(anonymous_0)
FNDA:0,(anonymous_1)
FNDA:0,(anonymous_2)
FNDA:0,(anonymous_3)
FNDA:0,(anonymous_4)
FNDA:0,(anonymous_5)
FNDA:0,(anonymous_6)
FNDA:0,(anonymous_7)
FNDA:0,(anonymous_8)
FNDA:0,(anonymous_9)
FNDA:0,(anonymous_10)
DA:2,0
DA:27,0
DA:48,0
DA:70,0
DA:83,0
DA:106,0
DA:115,0
DA:119,0
DA:130,0
DA:139,0
DA:143,0
DA:145,0
DA:146,0
DA:147,0
DA:148,0
DA:149,0
DA:151,0
DA:156,0
DA:157,0
DA:159,0
DA:160,0
DA:161,0
DA:163,0
DA:169,0
DA:171,0
DA:172,0
DA:173,0
DA:174,0
DA:178,0
DA:179,0
DA:187,0
DA:188,0
DA:192,0
DA:193,0
DA:194,0
DA:197,0
DA:203,0
DA:204,0
DA:208,0
DA:211,0
DA:212,0
DA:214,0
DA:215,0
DA:216,0
DA:224,0
DA:225,0
DA:231,0
DA:232,0
DA:233,0
DA:235,0
DA:236,0
DA:240,0
DA:246,0
DA:247,0
DA:248,0
DA:252,0
DA:253,0
DA:254,0
DA:258,0
DA:260,0
DA:261,0
DA:262,0
DA:266,0
DA:267,0
DA:269,0
DA:270,0
DA:271,0
DA:278,0
DA:279,0
DA:280,0
LF:70
LH:0
BRDA:157,0,0,0
BRDA:157,0,1,0
BRDA:173,1,0,0
BRDA:173,1,1,0
BRDA:187,2,0,0
BRDA:187,2,1,0
BRDA:187,3,0,0
BRDA:187,3,1,0
BRDA:193,4,0,0
BRDA:193,4,1,0
BRDA:204,5,0,0
BRDA:204,5,1,0
BRDA:214,6,0,0
BRDA:214,6,1,0
BRDA:235,7,0,0
BRDA:235,7,1,0
BRDA:247,8,0,0
BRDA:247,8,1,0
BRDA:253,9,0,0
BRDA:253,9,1,0
BRDA:261,10,0,0
BRDA:261,10,1,0
BRDA:270,11,0,0
BRDA:270,11,1,0
BRDA:27,12,0,0
BRDA:27,12,1,0
BRDA:27,13,0,0
BRDA:27,13,1,0
BRDA:48,14,0,0
BRDA:48,14,1,0
BRDA:70,15,0,0
BRDA:70,15,1,NaN
BRDA:106,16,0,0
BRDA:106,16,1,0
BRDA:119,17,0,0
BRDA:119,17,1,0
BRDA:119,18,0,0
BRDA:119,18,1,0
BRF:38
BRH:0
end_of_record
TN:
SF:components\import\ImportHeaderSelect.vue
FN:88,(anonymous_0)
FN:93,(anonymous_1)
FN:98,(anonymous_2)
FN:111,(anonymous_3)
FN:117,(anonymous_4)
FN:123,(anonymous_5)
FN:124,(anonymous_6)
FN:16,(anonymous_7)
FN:39,(anonymous_8)
FNF:9
FNH:0
FNDA:0,(anonymous_0)
FNDA:0,(anonymous_1)
FNDA:0,(anonymous_2)
FNDA:0,(anonymous_3)
FNDA:0,(anonymous_4)
FNDA:0,(anonymous_5)
FNDA:0,(anonymous_6)
FNDA:0,(anonymous_7)
FNDA:0,(anonymous_8)
DA:2,0
DA:16,0
DA:34,0
DA:39,0
DA:43,0
DA:50,0
DA:52,0
DA:58,0
DA:68,0
DA:76,0
DA:81,0
DA:85,0
DA:88,0
DA:89,0
DA:93,0
DA:94,0
DA:98,0
DA:99,0
DA:100,0
DA:102,0
DA:104,0
DA:105,0
DA:107,0
DA:111,0
DA:112,0
DA:113,0
DA:117,0
DA:118,0
DA:122,0
DA:123,0
DA:125,0
DA:126,0
LF:32
LH:0
BRDA:94,0,0,0
BRDA:94,0,1,0
BRDA:99,1,0,0
BRDA:99,1,1,0
BRDA:99,2,0,0
BRDA:99,2,1,0
BRDA:104,3,0,0
BRDA:104,3,1,0
BRDA:125,4,0,0
BRDA:125,4,1,0
BRDA:18,5,0,0
BRDA:18,5,1,0
BRDA:34,6,0,0
BRDA:34,6,1,NaN
BRDA:50,7,0,0
BRDA:50,7,1,0
BRDA:58,8,0,0
BRDA:58,8,1,0
BRF:18
BRH:0
end_of_record
TN:
SF:components\import\ImportPreview.vue
FN:271,(anonymous_0)
FN:274,(anonymous_1)
FN:279,(anonymous_2)
FN:285,(anonymous_3)
FN:286,(anonymous_4)
FN:290,(anonymous_5)
FN:293,(anonymous_6)
FN:303,(anonymous_7)
FN:304,(anonymous_8)
FN:311,(anonymous_9)
FN:316,(anonymous_10)
FN:317,(anonymous_11)
FN:327,(anonymous_12)
FN:330,(anonymous_13)
FN:331,(anonymous_14)
FN:340,(anonymous_15)
FN:344,(anonymous_16)
FN:351,(anonymous_17)
FN:359,(anonymous_18)
FN:366,(anonymous_19)
FN:371,(anonymous_20)
FN:389,(anonymous_21)
FN:399,(anonymous_22)
FN:476,(anonymous_23)
FN:478,(anonymous_24)
FN:488,(anonymous_25)
FN:500,(anonymous_26)
FN:512,(anonymous_27)
FN:517,(anonymous_28)
FN:40,(anonymous_29)
FN:90,(anonymous_30)
FN:103,(anonymous_31)
FN:120,(anonymous_32)
FN:179,(anonymous_33)
FN:229,(anonymous_34)
FN:178,(anonymous_35)
FNF:36
FNH:0
FNDA:0,(anonymous_0)
FNDA:0,(anonymous_1)
FNDA:0,(anonymous_2)
FNDA:0,(anonymous_3)
FNDA:0,(anonymous_4)
FNDA:0,(anonymous_5)
FNDA:0,(anonymous_6)
FNDA:0,(anonymous_7)
FNDA:0,(anonymous_8)
FNDA:0,(anonymous_9)
FNDA:0,(anonymous_10)
FNDA:0,(anonymous_11)
FNDA:0,(anonymous_12)
FNDA:0,(anonymous_13)
FNDA:0,(anonymous_14)
FNDA:0,(anonymous_15)
FNDA:0,(anonymous_16)
FNDA:0,(anonymous_17)
FNDA:0,(anonymous_18)
FNDA:0,(anonymous_19)
FNDA:0,(anonymous_20)
FNDA:0,(anonymous_21)
FNDA:0,(anonymous_22)
FNDA:0,(anonymous_23)
FNDA:0,(anonymous_24)
FNDA:0,(anonymous_25)
FNDA:0,(anonymous_26)
FNDA:0,(anonymous_27)
FNDA:0,(anonymous_28)
FNDA:0,(anonymous_29)
FNDA:0,(anonymous_30)
FNDA:0,(anonymous_31)
FNDA:0,(anonymous_32)
FNDA:0,(anonymous_33)
FNDA:0,(anonymous_34)
FNDA:0,(anonymous_35)
DA:2,0
DA:11,0
DA:17,0
DA:37,0
DA:40,0
DA:44,0
DA:59,0
DA:60,0
DA:69,0
DA:72,0
DA:73,0
DA:76,0
DA:77,0
DA:90,0
DA:94,0
DA:103,0
DA:105,0
DA:108,0
DA:113,0
DA:120,0
DA:122,0
DA:128,0
DA:130,0
DA:142,0
DA:144,0
DA:154,0
DA:157,0
DA:161,0
DA:166,0
DA:168,0
DA:179,0
DA:205,0
DA:217,0
DA:223,0
DA:252,0
DA:260,0
DA:264,0
DA:267,0
DA:268,0
DA:271,0
DA:274,0
DA:276,0
DA:279,0
DA:281,0
DA:285,0
DA:286,0
DA:290,0
DA:291,0
DA:293,0
DA:294,0
DA:295,0
DA:303,0
DA:304,0
DA:305,0
DA:306,0
DA:311,0
DA:312,0
DA:316,0
DA:317,0
DA:318,0
DA:319,0
DA:324,0
DA:327,0
DA:328,0
DA:330,0
DA:331,0
DA:332,0
DA:336,0
DA:340,0
DA:341,0
DA:342,0
DA:344,0
DA:351,0
DA:352,0
DA:359,0
DA:366,0
DA:367,0
DA:371,0
DA:372,0
DA:373,0
DA:376,0
DA:377,0
DA:378,0
DA:379,0
DA:381,0
DA:385,0
DA:389,0
DA:390,0
DA:391,0
DA:392,0
DA:394,0
DA:395,0
DA:396,0
DA:398,0
DA:399,0
DA:401,0
DA:403,0
DA:404,0
DA:407,0
DA:408,0
DA:418,0
DA:419,0
DA:423,0
DA:424,0
DA:429,0
DA:430,0
DA:432,0
DA:435,0
DA:436,0
DA:438,0
DA:440,0
DA:441,0
DA:443,0
DA:448,0
DA:450,0
DA:452,0
DA:454,0
DA:455,0
DA:466,0
DA:476,0
DA:477,0
DA:478,0
DA:479,0
DA:481,0
DA:482,0
DA:484,0
DA:488,0
DA:489,0
DA:490,0
DA:492,0
DA:493,0
DA:494,0
DA:496,0
DA:500,0
DA:502,0
DA:503,0
DA:504,0
DA:507,0
DA:512,0
DA:513,0
DA:517,0
DA:518,0
DA:519,0
LF:143
LH:0
BRDA:276,0,0,0
BRDA:276,0,1,0
BRDA:306,1,0,0
BRDA:306,1,1,0
BRDA:341,2,0,0
BRDA:341,2,1,0
BRDA:341,3,0,0
BRDA:341,3,1,0
BRDA:342,4,0,0
BRDA:342,4,1,0
BRDA:344,5,0,0
BRDA:344,5,1,0
BRDA:376,6,0,0
BRDA:376,6,1,0
BRDA:378,7,0,0
BRDA:378,7,1,0
BRDA:398,8,0,0
BRDA:398,8,1,0
BRDA:401,9,0,0
BRDA:401,9,1,0
BRDA:407,10,0,0
BRDA:407,10,1,0
BRDA:411,11,0,0
BRDA:411,11,1,0
BRDA:411,12,0,0
BRDA:411,12,1,0
BRDA:412,13,0,0
BRDA:412,13,1,0
BRDA:412,14,0,0
BRDA:412,14,1,0
BRDA:413,15,0,0
BRDA:413,15,1,0
BRDA:418,16,0,0
BRDA:418,16,1,0
BRDA:418,17,0,0
BRDA:418,17,1,0
BRDA:418,17,2,0
BRDA:418,17,3,0
BRDA:423,18,0,0
BRDA:423,18,1,0
BRDA:423,19,0,0
BRDA:423,19,1,0
BRDA:423,19,2,0
BRDA:424,20,0,0
BRDA:424,20,1,0
BRDA:424,20,2,0
BRDA:424,20,3,0
BRDA:429,21,0,0
BRDA:429,21,1,0
BRDA:435,22,0,0
BRDA:435,22,1,0
BRDA:435,23,0,0
BRDA:435,23,1,0
BRDA:440,24,0,0
BRDA:440,24,1,0
BRDA:440,25,0,0
BRDA:440,25,1,0
BRDA:450,26,0,0
BRDA:450,26,1,0
BRDA:454,27,0,0
BRDA:454,27,1,0
BRDA:458,28,0,0
BRDA:458,28,1,0
BRDA:458,29,0,0
BRDA:458,29,1,0
BRDA:459,30,0,0
BRDA:459,30,1,0
BRDA:459,31,0,0
BRDA:459,31,1,0
BRDA:460,32,0,0
BRDA:460,32,1,0
BRDA:470,33,0,0
BRDA:470,33,1,0
BRDA:477,34,0,0
BRDA:477,34,1,0
BRDA:479,35,0,0
BRDA:479,35,1,0
BRDA:481,36,0,0
BRDA:481,36,1,0
BRDA:489,37,0,0
BRDA:489,37,1,0
BRDA:489,38,0,0
BRDA:489,38,1,0
BRDA:493,39,0,0
BRDA:493,39,1,0
BRDA:502,40,0,0
BRDA:502,40,1,0
BRDA:11,41,0,0
BRDA:11,41,1,NaN
BRDA:17,42,0,0
BRDA:17,42,1,0
BRDA:23,43,0,0
BRDA:23,43,1,0
BRDA:37,44,0,0
BRDA:37,44,1,NaN
BRDA:49,45,0,0
BRDA:49,45,1,0
BRDA:49,46,0,0
BRDA:49,46,1,0
BRDA:55,47,0,0
BRDA:55,47,1,0
BRDA:55,48,0,0
BRDA:55,48,1,0
BRDA:59,49,0,0
BRDA:59,49,1,0
BRDA:72,50,0,0
BRDA:72,50,1,0
BRDA:76,51,0,0
BRDA:76,51,1,0
BRDA:108,52,0,0
BRDA:108,52,1,NaN
BRDA:128,53,0,0
BRDA:128,53,1,0
BRDA:142,54,0,0
BRDA:142,54,1,NaN
BRDA:154,55,0,0
BRDA:154,55,1,0
BRDA:154,56,0,0
BRDA:154,56,1,0
BRDA:157,57,0,0
BRDA:157,57,1,NaN
BRDA:161,58,0,0
BRDA:161,58,1,0
BRDA:166,59,0,0
BRDA:166,59,1,NaN
BRDA:168,60,0,0
BRDA:168,60,1,0
BRDA:168,61,0,0
BRDA:168,61,1,0
BRDA:206,62,0,0
BRDA:206,62,1,0
BRDA:215,63,0,0
BRDA:215,63,1,0
BRDA:217,64,0,0
BRDA:217,64,1,NaN
BRDA:224,65,0,0
BRDA:224,65,1,0
BRDA:217,66,0,0
BRDA:217,66,1,0
BRF:139
BRH:0
end_of_record
TN:
SF:components\import\ImportWizard.vue
FN:176,(anonymous_0)
FN:178,(anonymous_1)
FN:181,(anonymous_2)
FN:186,(anonymous_3)
FN:187,(anonymous_4)
FN:190,(anonymous_5)
FN:195,(anonymous_6)
FN:200,(anonymous_7)
FN:208,(anonymous_8)
FN:211,(anonymous_9)
FN:212,(anonymous_10)
FN:214,(anonymous_11)
FN:221,(anonymous_12)
FN:226,(anonymous_13)
FN:240,(anonymous_14)
FN:244,(anonymous_15)
FN:248,(anonymous_16)
FN:257,(anonymous_17)
FN:273,(anonymous_18)
FN:334,(anonymous_19)
FN:381,(anonymous_20)
FN:393,(anonymous_21)
FN:404,(anonymous_22)
FN:421,(anonymous_23)
FN:6,(anonymous_24)
FN:105,(anonymous_25)
FN:135,(anonymous_26)
FN:104,(anonymous_27)
FN:125,(anonymous_28)
FNF:29
FNH:0
FNDA:0,(anonymous_0)
FNDA:0,(anonymous_1)
FNDA:0,(anonymous_2)
FNDA:0,(anonymous_3)
FNDA:0,(anonymous_4)
FNDA:0,(anonymous_5)
FNDA:0,(anonymous_6)
FNDA:0,(anonymous_7)
FNDA:0,(anonymous_8)
FNDA:0,(anonymous_9)
FNDA:0,(anonymous_10)
FNDA:0,(anonymous_11)
FNDA:0,(anonymous_12)
FNDA:0,(anonymous_13)
FNDA:0,(anonymous_14)
FNDA:0,(anonymous_15)
FNDA:0,(anonymous_16)
FNDA:0,(anonymous_17)
FNDA:0,(anonymous_18)
FNDA:0,(anonymous_19)
FNDA:0,(anonymous_20)
FNDA:0,(anonymous_21)
FNDA:0,(anonymous_22)
FNDA:0,(anonymous_23)
FNDA:0,(anonymous_24)
FNDA:0,(anonymous_25)
FNDA:0,(anonymous_26)
FNDA:0,(anonymous_27)
FNDA:0,(anonymous_28)
DA:2,0
DA:6,0
DA:17,0
DA:30,0
DA:32,0
DA:40,0
DA:41,0
DA:54,0
DA:63,0
DA:76,0
DA:78,0
DA:90,0
DA:92,0
DA:105,0
DA:110,0
DA:113,0
DA:116,0
DA:117,0
DA:122,0
DA:125,0
DA:126,0
DA:128,0
DA:129,0
DA:148,0
DA:152,0
DA:153,0
DA:154,0
DA:155,0
DA:160,0
DA:167,0
DA:168,0
DA:169,0
DA:170,0
DA:171,0
DA:172,0
DA:173,0
DA:176,0
DA:178,0
DA:180,0
DA:181,0
DA:183,0
DA:186,0
DA:187,0
DA:190,0
DA:191,0
DA:192,0
DA:195,0
DA:196,0
DA:197,0
DA:200,0
DA:201,0
DA:203,0
DA:205,0
DA:208,0
DA:209,0
DA:211,0
DA:212,0
DA:214,0
DA:216,0
DA:221,0
DA:222,0
DA:226,0
DA:227,0
DA:228,0
DA:231,0
DA:232,0
DA:233,0
DA:234,0
DA:236,0
DA:240,0
DA:241,0
DA:244,0
DA:245,0
DA:248,0
DA:249,0
DA:250,0
DA:257,0
DA:261,0
DA:273,0
DA:274,0
DA:276,0
DA:278,0
DA:280,0
DA:283,0
DA:286,0
DA:288,0
DA:289,0
DA:291,0
DA:294,0
DA:295,0
DA:296,0
DA:297,0
DA:299,0
DA:300,0
DA:301,0
DA:303,0
DA:304,0
DA:305,0
DA:308,0
DA:309,0
DA:315,0
DA:316,0
DA:322,0
DA:328,0
DA:330,0
DA:334,0
DA:335,0
DA:336,0
DA:339,0
DA:340,0
DA:341,0
DA:342,0
DA:346,0
DA:347,0
DA:348,0
DA:350,0
DA:351,0
DA:353,0
DA:355,0
DA:357,0
DA:358,0
DA:359,0
DA:361,0
DA:363,0
DA:364,0
DA:365,0
DA:366,0
DA:367,0
DA:373,0
DA:374,0
DA:378,0
DA:381,0
DA:382,0
DA:384,0
DA:385,0
DA:386,0
DA:390,0
DA:393,0
DA:394,0
DA:398,0
DA:399,0
DA:400,0
DA:404,0
DA:405,0
DA:409,0
DA:412,0
DA:413,0
DA:416,0
DA:417,0
DA:421,0
DA:422,0
DA:423,0
DA:424,0
LF:153
LH:0
BRDA:176,0,0,0
BRDA:176,0,1,0
BRDA:180,1,0,0
BRDA:180,1,1,0
BRDA:191,2,0,0
BRDA:191,2,1,0
BRDA:196,3,0,0
BRDA:196,3,1,0
BRDA:201,4,0,0
BRDA:201,4,1,0
BRDA:201,4,2,0
BRDA:201,4,3,0
BRDA:211,5,0,0
BRDA:211,5,1,0
BRDA:231,6,0,0
BRDA:231,6,1,0
BRDA:268,7,0,0
BRDA:268,7,1,0
BRDA:274,8,0,0
BRDA:274,8,1,0
BRDA:294,9,0,0
BRDA:294,9,1,0
BRDA:296,10,0,0
BRDA:296,10,1,0
BRDA:312,11,0,0
BRDA:312,11,1,0
BRDA:325,12,0,0
BRDA:325,12,1,0
BRDA:341,13,0,0
BRDA:341,13,1,0
BRDA:341,14,0,0
BRDA:341,14,1,0
BRDA:351,15,0,0
BRDA:351,15,1,0
BRDA:355,16,0,0
BRDA:355,16,1,0
BRDA:358,17,0,0
BRDA:358,17,1,0
BRDA:358,18,0,0
BRDA:358,18,1,0
BRDA:358,18,2,0
BRDA:361,19,0,0
BRDA:361,19,1,0
BRDA:363,20,0,0
BRDA:363,20,1,0
BRDA:366,21,0,0
BRDA:366,21,1,0
BRDA:366,22,0,0
BRDA:366,22,1,0
BRDA:366,22,2,0
BRDA:373,23,0,0
BRDA:373,23,1,0
BRDA:373,24,0,0
BRDA:373,24,1,0
BRDA:385,25,0,0
BRDA:385,25,1,0
BRDA:385,26,0,0
BRDA:385,26,1,0
BRDA:394,27,0,0
BRDA:394,27,1,0
BRDA:399,28,0,0
BRDA:399,28,1,0
BRDA:405,29,0,0
BRDA:405,29,1,0
BRDA:412,30,0,0
BRDA:412,30,1,0
BRDA:416,31,0,0
BRDA:416,31,1,0
BRDA:13,32,0,0
BRDA:13,32,1,0
BRDA:17,33,0,0
BRDA:17,33,1,NaN
BRDA:40,34,0,0
BRDA:40,34,1,0
BRDA:41,35,0,0
BRDA:41,35,1,0
BRDA:54,36,0,0
BRDA:54,36,1,0
BRDA:63,37,0,0
BRDA:63,37,1,NaN
BRDA:76,38,0,0
BRDA:76,38,1,0
BRDA:78,39,0,0
BRDA:78,39,1,0
BRDA:90,40,0,0
BRDA:90,40,1,0
BRDA:90,41,0,0
BRDA:90,41,1,0
BRDA:92,42,0,0
BRDA:92,42,1,0
BRDA:106,43,0,0
BRDA:106,43,1,0
BRDA:107,44,0,0
BRDA:107,44,1,0
BRDA:110,45,0,0
BRDA:110,45,1,NaN
BRDA:116,46,0,0
BRDA:116,46,1,NaN
BRDA:122,47,0,0
BRDA:122,47,1,NaN
BRDA:128,48,0,0
BRDA:128,48,1,NaN
BRDA:110,49,0,0
BRDA:110,49,1,NaN
BRDA:116,50,0,0
BRDA:116,50,1,0
BRDA:122,51,0,0
BRDA:122,51,1,NaN
BRDA:128,52,0,0
BRDA:128,52,1,0
BRF:110
BRH:0
end_of_record
TN:
SF:components\inventory\DynamicCellRenderer.vue
FN:43,(anonymous_0)
FN:53,(anonymous_1)
FN:61,(anonymous_2)
FN:72,(anonymous_3)
FN:76,(anonymous_4)
FNF:5
FNH:0
FNDA:0,(anonymous_0)
FNDA:0,(anonymous_1)
FNDA:0,(anonymous_2)
FNDA:0,(anonymous_3)
FNDA:0,(anonymous_4)
DA:2,0
DA:4,0
DA:8,0
DA:11,0
DA:15,0
DA:16,0
DA:21,0
DA:26,0
DA:30,0
DA:37,0
DA:43,0
DA:44,0
DA:45,0
DA:47,0
DA:48,0
DA:50,0
DA:53,0
DA:54,0
DA:55,0
DA:61,0
DA:62,0
DA:63,0
DA:64,0
DA:65,0
DA:72,0
DA:73,0
DA:76,0
DA:77,0
DA:78,0
DA:79,0
DA:81,0
DA:83,0
LF:32
LH:0
BRDA:44,0,0,0
BRDA:44,0,1,0
BRDA:44,1,0,0
BRDA:44,1,1,0
BRDA:44,1,2,0
BRDA:47,2,0,0
BRDA:47,2,1,0
BRDA:54,3,0,0
BRDA:54,3,1,0
BRDA:54,4,0,0
BRDA:54,4,1,0
BRDA:54,4,2,0
BRDA:62,5,0,0
BRDA:62,5,1,0
BRDA:64,6,0,0
BRDA:64,6,1,0
BRDA:77,7,0,0
BRDA:77,7,1,0
BRDA:78,8,0,0
BRDA:78,8,1,0
BRDA:4,9,0,0
BRDA:4,9,1,0
BRDA:4,10,0,0
BRDA:4,10,1,0
BRDA:8,11,0,0
BRDA:8,11,1,NaN
BRDA:15,12,0,0
BRDA:15,12,1,0
BRDA:16,13,0,0
BRDA:16,13,1,0
BRDA:21,14,0,0
BRDA:21,14,1,0
BRF:32
BRH:0
end_of_record
TN:
SF:components\inventory\DynamicInventoryCard.vue
FN:80,(anonymous_0)
FN:83,(anonymous_1)
FN:83,(anonymous_2)
FN:86,(anonymous_3)
FN:88,(anonymous_4)
FN:89,(anonymous_5)
FN:92,(anonymous_6)
FN:95,(anonymous_7)
FN:11,(anonymous_8)
FN:29,(anonymous_9)
FNF:10
FNH:0
FNDA:0,(anonymous_0)
FNDA:0,(anonymous_1)
FNDA:0,(anonymous_2)
FNDA:0,(anonymous_3)
FNDA:0,(anonymous_4)
FNDA:0,(anonymous_5)
FNDA:0,(anonymous_6)
FNDA:0,(anonymous_7)
FNDA:0,(anonymous_8)
FNDA:0,(anonymous_9)
DA:2,0
DA:3,0
DA:11,0
DA:19,0
DA:21,0
DA:29,0
DA:33,0
DA:45,0
DA:67,0
DA:80,0
DA:81,0
DA:83,0
DA:86,0
DA:87,0
DA:88,0
DA:89,0
DA:92,0
DA:93,0
DA:95,0
DA:96,0
DA:98,0
LF:21
LH:0
BRDA:88,0,0,0
BRDA:88,0,1,0
BRDA:93,1,0,0
BRDA:93,1,1,0
BRDA:96,2,0,0
BRDA:96,2,1,0
BRDA:3,3,0,0
BRDA:3,3,1,NaN
BRDA:19,4,0,0
BRDA:19,4,1,0
BRDA:21,5,0,0
BRDA:21,5,1,NaN
BRDA:21,6,0,0
BRDA:21,6,1,0
BRDA:22,7,0,0
BRDA:22,7,1,0
BRDA:45,8,0,0
BRDA:45,8,1,NaN
BRF:18
BRH:0
end_of_record
TN:
SF:components\inventory\DynamicInventoryForm.vue
FN:130,(anonymous_0)
FN:131,(anonymous_1)
FN:135,(anonymous_2)
FN:141,(anonymous_3)
FN:152,(anonymous_4)
FN:167,(anonymous_5)
FN:169,(anonymous_6)
FN:176,(anonymous_7)
FN:177,(anonymous_8)
FN:179,(anonymous_9)
FN:9,(anonymous_10)
FN:16,(anonymous_11)
FN:20,(anonymous_12)
FN:29,(anonymous_13)
FN:46,(anonymous_14)
FN:60,(anonymous_15)
FN:62,(anonymous_16)
FN:75,(anonymous_17)
FN:82,(anonymous_18)
FN:63,(anonymous_19)
FN:98,(anonymous_20)
FN:94,(anonymous_21)
FN:102,(anonymous_22)
FNF:23
FNH:0
FNDA:0,(anonymous_0)
FNDA:0,(anonymous_1)
FNDA:0,(anonymous_2)
FNDA:0,(anonymous_3)
FNDA:0,(anonymous_4)
FNDA:0,(anonymous_5)
FNDA:0,(anonymous_6)
FNDA:0,(anonymous_7)
FNDA:0,(anonymous_8)
FNDA:0,(anonymous_9)
FNDA:0,(anonymous_10)
FNDA:0,(anonymous_11)
FNDA:0,(anonymous_12)
FNDA:0,(anonymous_13)
FNDA:0,(anonymous_14)
FNDA:0,(anonymous_15)
FNDA:0,(anonymous_16)
FNDA:0,(anonymous_17)
FNDA:0,(anonymous_18)
FNDA:0,(anonymous_19)
FNDA:0,(anonymous_20)
FNDA:0,(anonymous_21)
FNDA:0,(anonymous_22)
DA:2,0
DA:3,0
DA:16,0
DA:18,0
DA:27,0
DA:29,0
DA:38,0
DA:46,0
DA:51,0
DA:60,0
DA:63,0
DA:69,0
DA:75,0
DA:80,0
DA:82,0
DA:93,0
DA:98,0
DA:108,0
DA:117,0
DA:123,0
DA:128,0
DA:130,0
DA:131,0
DA:135,0
DA:136,0
DA:137,0
DA:141,0
DA:142,0
DA:143,0
DA:144,0
DA:145,0
DA:147,0
DA:152,0
DA:153,0
DA:156,0
DA:158,0
DA:160,0
DA:162,0
DA:167,0
DA:168,0
DA:169,0
DA:176,0
DA:177,0
DA:179,0
DA:180,0
LF:45
LH:0
BRDA:137,0,0,0
BRDA:137,0,1,0
BRDA:137,0,2,0
BRDA:143,1,0,0
BRDA:143,1,1,0
BRDA:145,2,0,0
BRDA:145,2,1,0
BRDA:153,3,0,0
BRDA:153,3,1,0
BRDA:153,3,2,0
BRDA:153,3,3,0
BRDA:153,3,4,0
BRDA:168,4,0,0
BRDA:168,4,1,0
BRDA:3,5,0,0
BRDA:3,5,1,NaN
BRDA:18,6,0,0
BRDA:18,6,1,0
BRDA:27,7,0,0
BRDA:27,7,1,0
BRDA:38,8,0,0
BRDA:38,8,1,0
BRDA:51,9,0,0
BRDA:51,9,1,0
BRDA:69,10,0,0
BRDA:69,10,1,0
BRDA:80,11,0,0
BRDA:80,11,1,NaN
BRDA:27,12,0,0
BRDA:27,12,1,0
BRDA:38,13,0,0
BRDA:38,13,1,0
BRDA:51,14,0,0
BRDA:51,14,1,0
BRDA:69,15,0,0
BRDA:69,15,1,0
BRDA:80,16,0,0
BRDA:80,16,1,NaN
BRDA:93,17,0,0
BRDA:93,17,1,NaN
BRDA:108,18,0,0
BRDA:108,18,1,0
BRF:42
BRH:0
end_of_record
TN:
SF:components\inventory\DynamicInventoryTable.vue
FN:90,(anonymous_0)
FN:91,(anonymous_1)
FN:94,(anonymous_2)
FN:7,(anonymous_3)
FN:38,(anonymous_4)
FN:43,(anonymous_5)
FNF:6
FNH:0
FNDA:0,(anonymous_0)
FNDA:0,(anonymous_1)
FNDA:0,(anonymous_2)
FNDA:0,(anonymous_3)
FNDA:0,(anonymous_4)
FNDA:0,(anonymous_5)
DA:2,0
DA:7,0
DA:10,0
DA:23,0
DA:27,0
DA:28,0
DA:38,0
DA:43,0
DA:50,0
DA:74,0
DA:90,0
DA:91,0
DA:94,0
DA:95,0
LF:14
LH:0
BRDA:18,0,0,0
BRDA:18,0,1,0
BRDA:23,1,0,0
BRDA:23,1,1,NaN
BRDA:27,2,0,0
BRDA:27,2,1,0
BRDA:28,3,0,0
BRDA:28,3,1,0
BRDA:50,4,0,0
BRDA:50,4,1,NaN
BRF:10
BRH:0
end_of_record
TN:
SF:components\log\LogActionBadge.vue
FN:37,(anonymous_0)
FN:38,(anonymous_1)
FNF:2
FNH:0
FNDA:0,(anonymous_0)
FNDA:0,(anonymous_1)
DA:7,0
DA:11,0
DA:15,0
DA:19,0
DA:22,0
DA:33,0
DA:35,0
DA:37,0
DA:38,0
LF:9
LH:0
BRDA:7,0,0,0
BRDA:7,0,1,0
BRDA:11,1,0,0
BRDA:11,1,1,0
BRDA:15,2,0,0
BRDA:15,2,1,0
BRDA:19,3,0,0
BRDA:19,3,1,NaN
BRF:8
BRH:0
end_of_record
TN:
SF:components\log\LogDeletedItemSnapshot.vue
FN:95,(anonymous_0)
FN:100,(anonymous_1)
FN:109,(anonymous_2)
FN:116,(anonymous_3)
FN:140,(anonymous_4)
FN:172,(anonymous_5)
FN:178,(anonymous_6)
FN:179,(anonymous_7)
FN:189,formatDisplayValue
FN:208,formatCurrency
FN:225,formatDate
FN:243,formatNumber
FN:257,truncateId
FN:5,(anonymous_13)
FN:24,(anonymous_14)
FNF:15
FNH:0
FNDA:0,(anonymous_0)
FNDA:0,(anonymous_1)
FNDA:0,(anonymous_2)
FNDA:0,(anonymous_3)
FNDA:0,(anonymous_4)
FNDA:0,(anonymous_5)
FNDA:0,(anonymous_6)
FNDA:0,(anonymous_7)
FNDA:0,formatDisplayValue
FNDA:0,formatCurrency
FNDA:0,formatDate
FNDA:0,formatNumber
FNDA:0,truncateId
FNDA:0,(anonymous_13)
FNDA:0,(anonymous_14)
DA:4,0
DA:5,0
DA:14,0
DA:24,0
DA:27,0
DA:31,0
DA:32,0
DA:40,0
DA:41,0
DA:46,0
DA:51,0
DA:56,0
DA:61,0
DA:68,0
DA:88,0
DA:91,0
DA:92,0
DA:95,0
DA:96,0
DA:100,0
DA:101,0
DA:102,0
DA:109,0
DA:110,0
DA:116,0
DA:117,0
DA:118,0
DA:119,0
DA:121,0
DA:140,0
DA:141,0
DA:143,0
DA:144,0
DA:146,0
DA:148,0
DA:159,0
DA:172,0
DA:178,0
DA:179,0
DA:190,0
DA:191,0
DA:195,0
DA:196,0
DA:197,0
DA:199,0
DA:202,0
DA:209,0
DA:210,0
DA:212,0
DA:213,0
DA:214,0
DA:216,0
DA:226,0
DA:227,0
DA:229,0
DA:230,0
DA:231,0
DA:233,0
DA:244,0
DA:245,0
DA:247,0
DA:248,0
DA:249,0
DA:251,0
DA:258,0
DA:259,0
DA:261,0
LF:67
LH:0
BRDA:96,0,0,0
BRDA:96,0,1,0
BRDA:101,1,0,0
BRDA:101,1,1,0
BRDA:101,2,0,0
BRDA:101,2,1,0
BRDA:110,3,0,0
BRDA:110,3,1,0
BRDA:146,4,0,0
BRDA:146,4,1,0
BRDA:190,5,0,0
BRDA:190,5,1,0
BRDA:190,6,0,0
BRDA:190,6,1,0
BRDA:190,6,2,0
BRDA:195,7,0,0
BRDA:195,7,1,0
BRDA:196,8,0,0
BRDA:196,8,1,0
BRDA:209,9,0,0
BRDA:209,9,1,0
BRDA:209,10,0,0
BRDA:209,10,1,0
BRDA:209,10,2,0
BRDA:213,11,0,0
BRDA:213,11,1,0
BRDA:226,12,0,0
BRDA:226,12,1,0
BRDA:230,13,0,0
BRDA:230,13,1,0
BRDA:244,14,0,0
BRDA:244,14,1,0
BRDA:244,15,0,0
BRDA:244,15,1,0
BRDA:244,15,2,0
BRDA:248,16,0,0
BRDA:248,16,1,0
BRDA:258,17,0,0
BRDA:258,17,1,0
BRDA:4,18,0,0
BRDA:4,18,1,NaN
BRDA:14,19,0,0
BRDA:14,19,1,NaN
BRDA:14,20,0,0
BRDA:14,20,1,0
BRDA:31,21,0,0
BRDA:31,21,1,0
BRDA:32,22,0,0
BRDA:32,22,1,NaN
BRDA:40,23,0,0
BRDA:40,23,1,0
BRDA:41,24,0,0
BRDA:41,24,1,0
BRDA:46,25,0,0
BRDA:46,25,1,0
BRDA:51,26,0,0
BRDA:51,26,1,0
BRDA:68,27,0,0
BRDA:68,27,1,NaN
BRF:59
BRH:0
end_of_record
TN:
SF:components\log\LogDiffView.vue
FN:4,(anonymous_0)
FNF:1
FNH:0
FNDA:0,(anonymous_0)
DA:2,0
DA:4,0
DA:8,0
DA:33,0
LF:4
LH:0
BRF:0
BRH:0
end_of_record
TN:
SF:components\log\LogEmptyState.vue
FNF:0
FNH:0
DA:2,0
LF:1
LH:0
BRF:0
BRH:0
end_of_record
TN:
SF:components\log\LogEntryCard.vue
FN:2,(anonymous_0)
FN:42,(anonymous_1)
FNF:2
FNH:0
FNDA:0,(anonymous_0)
FNDA:0,(anonymous_1)
DA:10,0
DA:21,0
DA:23,0
DA:24,0
DA:33,0
DA:40,0
DA:42,0
DA:52,0
DA:54,0
DA:74,0
LF:10
LH:0
BRDA:21,0,0,0
BRDA:21,0,1,NaN
BRDA:21,1,0,0
BRDA:21,1,1,0
BRDA:21,1,2,0
BRDA:23,2,0,0
BRDA:23,2,1,NaN
BRDA:40,3,0,0
BRDA:40,3,1,NaN
BRDA:52,4,0,0
BRDA:52,4,1,NaN
BRDA:54,5,0,0
BRDA:54,5,1,0
BRDA:21,6,0,0
BRDA:21,6,1,NaN
BRDA:23,7,0,0
BRDA:23,7,1,0
BRDA:40,8,0,0
BRDA:40,8,1,0
BRDA:52,9,0,0
BRDA:52,9,1,0
BRF:21
BRH:0
end_of_record
TN:
SF:components\log\LogFilters.vue
FN:152,(anonymous_0)
FN:153,(anonymous_1)
FN:157,(anonymous_2)
FN:157,(anonymous_3)
FN:165,(anonymous_4)
FN:169,emitFilters
FN:182,debouncedEmit
FN:184,(anonymous_7)
FN:189,clearFilter
FN:194,clearDateFilters
FN:200,clearAllFilters
FN:27,(anonymous_11)
FN:38,(anonymous_12)
FN:52,(anonymous_13)
FN:62,(anonymous_14)
FN:90,(anonymous_15)
FNF:16
FNH:0
FNDA:0,(anonymous_0)
FNDA:0,(anonymous_1)
FNDA:0,(anonymous_2)
FNDA:0,(anonymous_3)
FNDA:0,(anonymous_4)
FNDA:0,emitFilters
FNDA:0,debouncedEmit
FNDA:0,(anonymous_7)
FNDA:0,clearFilter
FNDA:0,clearDateFilters
FNDA:0,clearAllFilters
FNDA:0,(anonymous_11)
FNDA:0,(anonymous_12)
FNDA:0,(anonymous_13)
FNDA:0,(anonymous_14)
FNDA:0,(anonymous_15)
DA:2,0
DA:27,0
DA:38,0
DA:52,0
DA:62,0
DA:73,0
DA:76,0
DA:80,0
DA:86,0
DA:90,0
DA:96,0
DA:127,0
DA:130,0
DA:132,0
DA:136,0
DA:145,0
DA:152,0
DA:153,0
DA:157,0
DA:158,0
DA:159,0
DA:160,0
DA:161,0
DA:162,0
DA:165,0
DA:166,0
DA:171,0
DA:181,0
DA:183,0
DA:184,0
DA:185,0
DA:190,0
DA:191,0
DA:195,0
DA:196,0
DA:197,0
DA:201,0
DA:202,0
DA:203,0
DA:204,0
DA:205,0
DA:206,0
LF:42
LH:0
BRDA:137,0,0,0
BRDA:137,0,1,0
BRDA:138,1,0,0
BRDA:138,1,1,0
BRDA:139,2,0,0
BRDA:139,2,1,0
BRDA:140,3,0,0
BRDA:140,3,1,0
BRDA:141,4,0,0
BRDA:141,4,1,0
BRDA:158,5,0,0
BRDA:158,5,1,0
BRDA:159,6,0,0
BRDA:159,6,1,0
BRDA:160,7,0,0
BRDA:160,7,1,0
BRDA:161,8,0,0
BRDA:161,8,1,0
BRDA:162,9,0,0
BRDA:162,9,1,0
BRDA:166,10,0,0
BRDA:166,10,1,0
BRDA:166,10,2,0
BRDA:166,10,3,0
BRDA:166,10,4,0
BRDA:172,11,0,0
BRDA:172,11,1,0
BRDA:173,12,0,0
BRDA:173,12,1,0
BRDA:174,13,0,0
BRDA:174,13,1,0
BRDA:175,14,0,0
BRDA:175,14,1,0
BRDA:176,15,0,0
BRDA:176,15,1,0
BRDA:183,16,0,0
BRDA:183,16,1,0
BRDA:40,17,0,0
BRDA:40,17,1,0
BRDA:54,18,0,0
BRDA:54,18,1,0
BRDA:64,19,0,0
BRDA:64,19,1,0
BRDA:73,20,0,0
BRDA:73,20,1,NaN
BRDA:76,21,0,0
BRDA:76,21,1,0
BRDA:86,22,0,0
BRDA:86,22,1,0
BRDA:90,23,0,0
BRDA:90,23,1,0
BRDA:96,24,0,0
BRDA:96,24,1,NaN
BRDA:96,25,0,0
BRDA:96,25,1,0
BRF:55
BRH:0
end_of_record
TN:
SF:components\log\LogList.vue
FN:117,(anonymous_0)
FN:122,(anonymous_1)
FN:126,handleFilterChange
FN:131,goToPage
FN:149,openUndoModal
FN:171,closeUndoModal
FN:173,(anonymous_6)
FN:182,confirmUndo
FN:27,(anonymous_8)
FN:39,(anonymous_9)
FNF:10
FNH:0
FNDA:0,(anonymous_0)
FNDA:0,(anonymous_1)
FNDA:0,handleFilterChange
FNDA:0,goToPage
FNDA:0,openUndoModal
FNDA:0,closeUndoModal
FNDA:0,(anonymous_6)
FNDA:0,confirmUndo
FNDA:0,(anonymous_8)
FNDA:0,(anonymous_9)
DA:2,0
DA:11,0
DA:20,0
DA:27,0
DA:31,0
DA:39,0
DA:49,0
DA:51,0
DA:76,0
DA:106,0
DA:112,0
DA:114,0
DA:117,0
DA:120,0
DA:122,0
DA:123,0
DA:127,0
DA:128,0
DA:132,0
DA:136,0
DA:137,0
DA:138,0
DA:139,0
DA:142,0
DA:143,0
DA:150,0
DA:153,0
DA:154,0
DA:155,0
DA:158,0
DA:160,0
DA:162,0
DA:163,0
DA:164,0
DA:168,0
DA:172,0
DA:173,0
DA:174,0
DA:175,0
DA:177,0
DA:178,0
DA:183,0
DA:185,0
DA:186,0
DA:190,0
LF:45
LH:0
BRDA:123,0,0,0
BRDA:123,0,1,0
BRDA:123,0,2,0
BRDA:123,0,3,0
BRDA:123,0,4,0
BRDA:162,1,0,0
BRDA:162,1,1,0
BRDA:183,2,0,0
BRDA:183,2,1,0
BRDA:11,3,0,0
BRDA:11,3,1,0
BRDA:20,4,0,0
BRDA:20,4,1,NaN
BRDA:21,5,0,0
BRDA:21,5,1,0
BRDA:22,6,0,0
BRDA:22,6,1,0
BRDA:49,7,0,0
BRDA:49,7,1,NaN
BRDA:49,8,0,0
BRDA:49,8,1,0
BRDA:51,9,0,0
BRDA:51,9,1,0
BRDA:56,10,0,0
BRDA:56,10,1,0
BRDA:62,11,0,0
BRDA:62,11,1,0
BRDA:66,12,0,0
BRDA:66,12,1,0
BRDA:76,13,0,0
BRDA:76,13,1,NaN
BRF:31
BRH:0
end_of_record
TN:
SF:components\log\LogUndoModal.vue
FN:2,(anonymous_0)
FN:61,(anonymous_1)
FNF:2
FNH:0
FNDA:0,(anonymous_0)
FNDA:0,(anonymous_1)
DA:2,0
DA:5,0
DA:15,0
DA:37,0
DA:45,0
DA:61,0
DA:65,0
DA:79,0
DA:89,0
DA:97,0
DA:99,0
DA:102,0
DA:109,0
DA:116,0
DA:119,0
DA:126,0
DA:158,0
LF:17
LH:0
BRDA:5,0,0,0
BRDA:5,0,1,NaN
BRDA:15,1,0,0
BRDA:15,1,1,NaN
BRDA:37,2,0,0
BRDA:37,2,1,0
BRDA:45,3,0,0
BRDA:45,3,1,NaN
BRDA:45,4,0,0
BRDA:45,4,1,0
BRDA:45,4,2,0
BRDA:79,5,0,0
BRDA:79,5,1,0
BRDA:89,6,0,0
BRDA:89,6,1,0
BRDA:92,7,0,0
BRDA:92,7,1,0
BRDA:97,8,0,0
BRDA:97,8,1,0
BRDA:99,9,0,0
BRDA:99,9,1,0
BRDA:102,10,0,0
BRDA:102,10,1,NaN
BRDA:109,11,0,0
BRDA:109,11,1,0
BRDA:116,12,0,0
BRDA:116,12,1,0
BRDA:119,13,0,0
BRDA:119,13,1,NaN
BRDA:126,14,0,0
BRDA:126,14,1,0
BRDA:126,15,0,0
BRDA:126,15,1,0
BRDA:126,16,0,0
BRDA:126,16,1,0
BRF:35
BRH:0
end_of_record
TN:
SF:components\operations\EmptyState.vue
FN:17,(anonymous_0)
FNF:1
FNH:0
FNDA:0,(anonymous_0)
DA:2,0
LF:1
LH:0
BRF:0
BRH:0
end_of_record
TN:
SF:components\operations\ItemSelector.vue
FN:97,(anonymous_0)
FN:103,(anonymous_1)
FN:108,(anonymous_2)
FN:117,isSelected
FN:124,toggleItem
FN:126,(anonymous_5)
FN:31,(anonymous_6)
FNF:7
FNH:0
FNDA:0,(anonymous_0)
FNDA:0,(anonymous_1)
FNDA:0,(anonymous_2)
FNDA:0,isSelected
FNDA:0,toggleItem
FNDA:0,(anonymous_5)
FNDA:0,(anonymous_6)
DA:2,0
DA:24,0
DA:27,0
DA:31,0
DA:34,0
DA:41,0
DA:59,0
DA:72,0
DA:87,0
DA:94,0
DA:97,0
DA:98,0
DA:103,0
DA:104,0
DA:105,0
DA:107,0
DA:108,0
DA:109,0
DA:110,0
DA:118,0
DA:125,0
DA:126,0
DA:128,0
LF:23
LH:0
BRDA:104,0,0,0
BRDA:104,0,1,0
BRDA:125,1,0,0
BRDA:125,1,1,0
BRDA:24,2,0,0
BRDA:24,2,1,0
BRDA:27,3,0,0
BRDA:27,3,1,0
BRDA:41,4,0,0
BRDA:41,4,1,NaN
BRF:10
BRH:0
end_of_record
TN:
SF:components\operations\ReceivingItemCard.vue
FN:138,(anonymous_0)
FN:144,(anonymous_1)
FN:149,(anonymous_2)
FN:154,(anonymous_3)
FN:161,(anonymous_4)
FN:170,(anonymous_5)
FN:171,(anonymous_6)
FN:184,(anonymous_7)
FN:196,(anonymous_8)
FN:204,formatCurrency
FN:211,handleQuantityChange
FNF:11
FNH:0
FNDA:0,(anonymous_0)
FNDA:0,(anonymous_1)
FNDA:0,(anonymous_2)
FNDA:0,(anonymous_3)
FNDA:0,(anonymous_4)
FNDA:0,(anonymous_5)
FNDA:0,(anonymous_6)
FNDA:0,(anonymous_7)
FNDA:0,(anonymous_8)
FNDA:0,formatCurrency
FNDA:0,handleQuantityChange
DA:2,0
DA:64,0
DA:68,0
DA:99,0
DA:122,0
DA:138,0
DA:139,0
DA:144,0
DA:149,0
DA:154,0
DA:155,0
DA:161,0
DA:162,0
DA:163,0
DA:169,0
DA:170,0
DA:172,0
DA:173,0
DA:175,0
DA:184,0
DA:185,0
DA:186,0
DA:187,0
DA:188,0
DA:189,0
DA:190,0
DA:196,0
DA:197,0
DA:198,0
DA:205,0
DA:212,0
DA:213,0
DA:214,0
LF:33
LH:0
BRDA:162,0,0,0
BRDA:162,0,1,0
BRDA:163,1,0,0
BRDA:163,1,1,0
BRDA:172,2,0,0
BRDA:172,2,1,0
BRDA:172,3,0,0
BRDA:172,3,1,0
BRDA:172,3,2,0
BRDA:172,3,3,0
BRDA:185,4,0,0
BRDA:185,4,1,0
BRDA:189,5,0,0
BRDA:189,5,1,0
BRDA:197,6,0,0
BRDA:197,6,1,0
BRDA:213,7,0,0
BRDA:213,7,1,0
BRDA:64,8,0,0
BRDA:64,8,1,NaN
BRDA:85,9,0,0
BRDA:85,9,1,0
BRDA:89,10,0,0
BRDA:89,10,1,0
BRF:24
BRH:0
end_of_record
TN:
SF:components\operations\ReceivingItemRow.vue
FN:124,(anonymous_0)
FN:130,(anonymous_1)
FN:135,(anonymous_2)
FN:140,(anonymous_3)
FN:147,(anonymous_4)
FN:156,(anonymous_5)
FN:168,(anonymous_6)
FN:176,formatCurrency
FN:183,handleQuantityChange
FN:192,handleCostChange
FNF:10
FNH:0
FNDA:0,(anonymous_0)
FNDA:0,(anonymous_1)
FNDA:0,(anonymous_2)
FNDA:0,(anonymous_3)
FNDA:0,(anonymous_4)
FNDA:0,(anonymous_5)
FNDA:0,(anonymous_6)
FNDA:0,formatCurrency
FNDA:0,handleQuantityChange
FNDA:0,handleCostChange
DA:2,0
DA:31,0
DA:34,0
DA:85,0
DA:108,0
DA:124,0
DA:125,0
DA:130,0
DA:135,0
DA:140,0
DA:141,0
DA:147,0
DA:148,0
DA:149,0
DA:156,0
DA:157,0
DA:158,0
DA:159,0
DA:160,0
DA:161,0
DA:162,0
DA:168,0
DA:169,0
DA:170,0
DA:177,0
DA:184,0
DA:185,0
DA:186,0
DA:193,0
DA:194,0
DA:195,0
DA:196,0
DA:198,0
DA:199,0
LF:34
LH:0
BRDA:148,0,0,0
BRDA:148,0,1,0
BRDA:149,1,0,0
BRDA:149,1,1,0
BRDA:157,2,0,0
BRDA:157,2,1,0
BRDA:161,3,0,0
BRDA:161,3,1,0
BRDA:169,4,0,0
BRDA:169,4,1,0
BRDA:185,5,0,0
BRDA:185,5,1,0
BRDA:195,6,0,0
BRDA:195,6,1,0
BRDA:199,7,0,0
BRDA:199,7,1,0
BRDA:31,8,0,0
BRDA:31,8,1,NaN
BRDA:52,9,0,0
BRDA:52,9,1,0
BRDA:57,10,0,0
BRDA:57,10,1,0
BRF:22
BRH:0
end_of_record
TN:
SF:components\operations\TypeBadge.vue
FN:41,(anonymous_0)
FNF:1
FNH:0
FNDA:0,(anonymous_0)
DA:4,0
DA:23,0
DA:30,0
DA:41,0
DA:42,0
DA:44,0
DA:46,0
LF:7
LH:0
BRDA:42,0,0,0
BRDA:42,0,1,0
BRDA:4,1,0,0
BRDA:4,1,1,NaN
BRF:4
BRH:0
end_of_record
TN:
SF:components\schema\SchemaEditor.vue
FN:298,(anonymous_0)
FN:298,(anonymous_1)
FN:304,(anonymous_2)
FN:312,(anonymous_3)
FN:317,(anonymous_4)
FN:330,(anonymous_5)
FN:335,(anonymous_6)
FN:361,(anonymous_7)
FN:370,(anonymous_8)
FN:375,(anonymous_9)
FN:382,(anonymous_10)
FN:394,(anonymous_11)
FN:414,(anonymous_12)
FN:425,(anonymous_13)
FN:426,(anonymous_14)
FN:433,(anonymous_15)
FN:444,(anonymous_16)
FN:447,(anonymous_17)
FN:452,(anonymous_18)
FN:461,(anonymous_19)
FN:466,(anonymous_20)
FN:467,(anonymous_21)
FN:470,(anonymous_22)
FN:501,(anonymous_23)
FN:516,(anonymous_24)
FN:517,(anonymous_25)
FN:517,(anonymous_26)
FN:520,(anonymous_27)
FN:11,(anonymous_28)
FN:6,(anonymous_29)
FN:22,(anonymous_30)
FN:40,(anonymous_31)
FN:55,(anonymous_32)
FN:124,(anonymous_33)
FN:127,(anonymous_34)
FN:140,(anonymous_35)
FN:143,(anonymous_36)
FN:146,(anonymous_37)
FN:153,(anonymous_38)
FN:159,(anonymous_39)
FN:169,(anonymous_40)
FN:177,(anonymous_41)
FN:184,(anonymous_42)
FN:195,(anonymous_43)
FN:197,(anonymous_44)
FN:212,(anonymous_45)
FN:214,(anonymous_46)
FN:226,(anonymous_47)
FN:228,(anonymous_48)
FN:251,(anonymous_49)
FNF:50
FNH:0
FNDA:0,(anonymous_0)
FNDA:0,(anonymous_1)
FNDA:0,(anonymous_2)
FNDA:0,(anonymous_3)
FNDA:0,(anonymous_4)
FNDA:0,(anonymous_5)
FNDA:0,(anonymous_6)
FNDA:0,(anonymous_7)
FNDA:0,(anonymous_8)
FNDA:0,(anonymous_9)
FNDA:0,(anonymous_10)
FNDA:0,(anonymous_11)
FNDA:0,(anonymous_12)
FNDA:0,(anonymous_13)
FNDA:0,(anonymous_14)
FNDA:0,(anonymous_15)
FNDA:0,(anonymous_16)
FNDA:0,(anonymous_17)
FNDA:0,(anonymous_18)
FNDA:0,(anonymous_19)
FNDA:0,(anonymous_20)
FNDA:0,(anonymous_21)
FNDA:0,(anonymous_22)
FNDA:0,(anonymous_23)
FNDA:0,(anonymous_24)
FNDA:0,(anonymous_25)
FNDA:0,(anonymous_26)
FNDA:0,(anonymous_27)
FNDA:0,(anonymous_28)
FNDA:0,(anonymous_29)
FNDA:0,(anonymous_30)
FNDA:0,(anonymous_31)
FNDA:0,(anonymous_32)
FNDA:0,(anonymous_33)
FNDA:0,(anonymous_34)
FNDA:0,(anonymous_35)
FNDA:0,(anonymous_36)
FNDA:0,(anonymous_37)
FNDA:0,(anonymous_38)
FNDA:0,(anonymous_39)
FNDA:0,(anonymous_40)
FNDA:0,(anonymous_41)
FNDA:0,(anonymous_42)
FNDA:0,(anonymous_43)
FNDA:0,(anonymous_44)
FNDA:0,(anonymous_45)
FNDA:0,(anonymous_46)
FNDA:0,(anonymous_47)
FNDA:0,(anonymous_48)
FNDA:0,(anonymous_49)
DA:2,0
DA:21,0
DA:22,0
DA:34,0
DA:52,0
DA:55,0
DA:127,0
DA:143,0
DA:146,0
DA:159,0
DA:169,0
DA:176,0
DA:184,0
DA:195,0
DA:212,0
DA:226,0
DA:238,0
DA:249,0
DA:250,0
DA:271,0
DA:279,0
DA:285,0
DA:290,0
DA:291,0
DA:294,0
DA:295,0
DA:298,0
DA:299,0
DA:300,0
DA:304,0
DA:305,0
DA:306,0
DA:307,0
DA:309,0
DA:312,0
DA:313,0
DA:314,0
DA:317,0
DA:318,0
DA:319,0
DA:322,0
DA:323,0
DA:324,0
DA:327,0
DA:330,0
DA:335,0
DA:336,0
DA:337,0
DA:339,0
DA:340,0
DA:343,0
DA:344,0
DA:345,0
DA:346,0
DA:350,0
DA:353,0
DA:354,0
DA:358,0
DA:361,0
DA:362,0
DA:366,0
DA:367,0
DA:370,0
DA:371,0
DA:375,0
DA:376,0
DA:378,0
DA:379,0
DA:380,0
DA:382,0
DA:383,0
DA:384,0
DA:385,0
DA:388,0
DA:390,0
DA:391,0
DA:392,0
DA:394,0
DA:395,0
DA:396,0
DA:397,0
DA:400,0
DA:405,0
DA:414,0
DA:415,0
DA:425,0
DA:426,0
DA:427,0
DA:428,0
DA:429,0
DA:433,0
DA:434,0
DA:441,0
DA:444,0
DA:445,0
DA:447,0
DA:448,0
DA:452,0
DA:453,0
DA:454,0
DA:456,0
DA:457,0
DA:458,0
DA:461,0
DA:462,0
DA:466,0
DA:467,0
DA:470,0
DA:472,0
DA:473,0
DA:474,0
DA:475,0
DA:479,0
DA:480,0
DA:481,0
DA:484,0
DA:485,0
DA:486,0
DA:489,0
DA:490,0
DA:491,0
DA:501,0
DA:503,0
DA:506,0
DA:509,0
DA:510,0
DA:512,0
DA:516,0
DA:517,0
DA:520,0
DA:522,0
DA:523,0
DA:524,0
DA:525,0
DA:527,0
DA:528,0
DA:529,0
DA:533,0
DA:534,0
LF:139
LH:0
BRDA:305,0,0,0
BRDA:305,0,1,0
BRDA:319,1,0,0
BRDA:319,1,1,0
BRDA:327,2,0,0
BRDA:327,2,1,0
BRDA:337,3,0,0
BRDA:337,3,1,0
BRDA:337,4,0,0
BRDA:337,4,1,0
BRDA:343,5,0,0
BRDA:343,5,1,0
BRDA:343,6,0,0
BRDA:343,6,1,0
BRDA:353,7,0,0
BRDA:353,7,1,0
BRDA:376,8,0,0
BRDA:376,8,1,0
BRDA:379,9,0,0
BRDA:379,9,1,0
BRDA:391,10,0,0
BRDA:391,10,1,0
BRDA:428,11,0,0
BRDA:428,11,1,0
BRDA:454,12,0,0
BRDA:454,12,1,0
BRDA:454,13,0,0
BRDA:454,13,1,0
BRDA:467,14,0,0
BRDA:467,14,1,0
BRDA:472,15,0,0
BRDA:472,15,1,0
BRDA:474,16,0,0
BRDA:474,16,1,0
BRDA:479,17,0,0
BRDA:479,17,1,0
BRDA:479,18,0,0
BRDA:479,18,1,0
BRDA:480,19,0,0
BRDA:480,19,1,0
BRDA:484,20,0,0
BRDA:484,20,1,0
BRDA:485,21,0,0
BRDA:485,21,1,0
BRDA:485,22,0,0
BRDA:485,22,1,0
BRDA:489,23,0,0
BRDA:489,23,1,0
BRDA:490,24,0,0
BRDA:490,24,1,0
BRDA:490,25,0,0
BRDA:490,25,1,0
BRDA:503,26,0,0
BRDA:503,26,1,0
BRDA:506,27,0,0
BRDA:506,27,1,0
BRDA:509,28,0,0
BRDA:509,28,1,0
BRDA:509,29,0,0
BRDA:509,29,1,0
BRDA:523,30,0,0
BRDA:523,30,1,0
BRDA:527,31,0,0
BRDA:527,31,1,0
BRDA:527,32,0,0
BRDA:527,32,1,0
BRDA:527,32,2,0
BRDA:21,33,0,0
BRDA:21,33,1,0
BRDA:34,34,0,0
BRDA:34,34,1,NaN
BRDA:52,35,0,0
BRDA:52,35,1,NaN
BRDA:52,36,0,0
BRDA:52,36,1,0
BRDA:52,36,2,0
BRDA:68,37,0,0
BRDA:68,37,1,0
BRDA:73,38,0,0
BRDA:73,38,1,0
BRDA:112,39,0,0
BRDA:112,39,1,0
BRDA:176,40,0,0
BRDA:176,40,1,NaN
BRDA:238,41,0,0
BRDA:238,41,1,NaN
BRDA:238,42,0,0
BRDA:238,42,1,0
BRDA:238,42,2,0
BRDA:238,42,3,0
BRDA:249,43,0,0
BRDA:249,43,1,NaN
BRDA:249,44,0,0
BRDA:249,44,1,0
BRDA:250,45,0,0
BRDA:250,45,1,NaN
BRF:96
BRH:0
end_of_record
TN:
SF:components\search\FilterDropdown.vue
FN:107,(anonymous_0)
FN:108,(anonymous_1)
FN:111,(anonymous_2)
FN:115,(anonymous_3)
FN:119,(anonymous_4)
FN:123,(anonymous_5)
FN:129,(anonymous_6)
FN:136,(anonymous_7)
FN:142,(anonymous_8)
FN:147,(anonymous_9)
FN:63,(anonymous_10)
FNF:11
FNH:0
FNDA:0,(anonymous_0)
FNDA:0,(anonymous_1)
FNDA:0,(anonymous_2)
FNDA:0,(anonymous_3)
FNDA:0,(anonymous_4)
FNDA:0,(anonymous_5)
FNDA:0,(anonymous_6)
FNDA:0,(anonymous_7)
FNDA:0,(anonymous_8)
FNDA:0,(anonymous_9)
FNDA:0,(anonymous_10)
DA:15,0
DA:20,0
DA:30,0
DA:59,0
DA:63,0
DA:69,0
DA:78,0
DA:91,0
DA:97,0
DA:103,0
DA:104,0
DA:107,0
DA:108,0
DA:111,0
DA:112,0
DA:115,0
DA:116,0
DA:119,0
DA:120,0
DA:123,0
DA:124,0
DA:125,0
DA:129,0
DA:130,0
DA:131,0
DA:136,0
DA:137,0
DA:138,0
DA:142,0
DA:143,0
DA:144,0
DA:147,0
DA:148,0
DA:149,0
LF:34
LH:0
BRDA:130,0,0,0
BRDA:130,0,1,0
BRDA:130,1,0,0
BRDA:130,1,1,0
BRDA:137,2,0,0
BRDA:137,2,1,0
BRDA:137,3,0,0
BRDA:137,3,1,0
BRDA:15,4,0,0
BRDA:15,4,1,NaN
BRDA:20,5,0,0
BRDA:20,5,1,NaN
BRDA:30,6,0,0
BRDA:30,6,1,0
BRDA:30,7,0,0
BRDA:30,7,1,0
BRDA:40,8,0,0
BRDA:40,8,1,0
BRDA:59,9,0,0
BRDA:59,9,1,NaN
BRDA:69,10,0,0
BRDA:69,10,1,0
BRDA:78,11,0,0
BRDA:78,11,1,NaN
BRF:24
BRH:0
end_of_record
TN:
SF:components\search\FilterMobile.vue
FN:93,(anonymous_0)
FN:94,(anonymous_1)
FN:97,(anonymous_2)
FN:101,(anonymous_3)
FN:105,(anonymous_4)
FN:20,(anonymous_5)
FN:40,(anonymous_6)
FNF:7
FNH:0
FNDA:0,(anonymous_0)
FNDA:0,(anonymous_1)
FNDA:0,(anonymous_2)
FNDA:0,(anonymous_3)
FNDA:0,(anonymous_4)
FNDA:0,(anonymous_5)
FNDA:0,(anonymous_6)
DA:2,0
DA:16,0
DA:20,0
DA:22,0
DA:36,0
DA:40,0
DA:43,0
DA:54,0
DA:70,0
DA:77,0
DA:83,0
DA:86,0
DA:93,0
DA:94,0
DA:97,0
DA:98,0
DA:101,0
DA:102,0
DA:105,0
DA:106,0
DA:107,0
LF:21
LH:0
BRDA:16,0,0,0
BRDA:16,0,1,NaN
BRDA:22,1,0,0
BRDA:22,1,1,NaN
BRDA:36,2,0,0
BRDA:36,2,1,NaN
BRDA:54,3,0,0
BRDA:54,3,1,NaN
BRF:8
BRH:0
end_of_record
TN:
SF:components\sort\SortDropdown.vue
FN:44,(anonymous_0)
FN:47,(anonymous_1)
FN:54,(anonymous_2)
FNF:3
FNH:0
FNDA:0,(anonymous_0)
FNDA:0,(anonymous_1)
FNDA:0,(anonymous_2)
DA:2,0
DA:13,0
DA:15,0
DA:32,0
DA:38,0
DA:44,0
DA:45,0
DA:47,0
DA:54,0
DA:55,0
DA:56,0
LF:11
LH:0
BRDA:56,0,0,0
BRDA:56,0,1,0
BRDA:6,1,0,0
BRDA:6,1,1,0
BRDA:13,2,0,0
BRDA:13,2,1,NaN
BRDA:15,3,0,0
BRDA:15,3,1,0
BRF:8
BRH:0
end_of_record
TN:
SF:components\sort\SortIcon.vue
FNF:0
FNH:0
DA:4,0
LF:1
LH:0
BRDA:4,0,0,0
BRDA:4,0,1,NaN
BRF:2
BRH:0
end_of_record
TN:
SF:components\theme\ThemeSwitcher.vue
FN:28,toggleTheme
FNF:1
FNH:0
FNDA:0,toggleTheme
DA:9,0
DA:25,0
DA:26,0
DA:29,0
LF:4
LH:0
BRDA:29,0,0,0
BRDA:29,0,1,0
BRDA:5,1,0,0
BRDA:5,1,1,0
BRDA:6,2,0,0
BRDA:6,2,1,0
BRDA:9,3,0,0
BRDA:9,3,1,NaN
BRF:8
BRH:0
end_of_record
TN:
SF:components\ui\UiActionsMenu.vue
FN:42,toggleMenu
FN:46,closeMenu
FN:56,calculatePosition
FN:70,(anonymous_3)
FN:78,handleClickOutside
FN:85,handleKeydown
FN:94,(anonymous_6)
FN:99,(anonymous_7)
FNF:8
FNH:0
FNDA:0,toggleMenu
FNDA:0,closeMenu
FNDA:0,calculatePosition
FNDA:0,(anonymous_3)
FNDA:0,handleClickOutside
FNDA:0,handleKeydown
FNDA:0,(anonymous_6)
FNDA:0,(anonymous_7)
DA:24,0
DA:27,0
DA:37,0
DA:38,0
DA:39,0
DA:40,0
DA:43,0
DA:47,0
DA:57,0
DA:59,0
DA:62,0
DA:63,0
DA:65,0
DA:70,0
DA:71,0
DA:72,0
DA:73,0
DA:79,0
DA:80,0
DA:86,0
DA:87,0
DA:92,0
DA:94,0
DA:95,0
DA:96,0
DA:99,0
DA:100,0
DA:101,0
LF:28
LH:0
BRDA:57,0,0,0
BRDA:57,0,1,0
BRDA:62,1,0,0
BRDA:62,1,1,0
BRDA:71,2,0,0
BRDA:71,2,1,0
BRDA:79,3,0,0
BRDA:79,3,1,0
BRDA:79,4,0,0
BRDA:79,4,1,0
BRDA:86,5,0,0
BRDA:86,5,1,0
BRDA:86,6,0,0
BRDA:86,6,1,0
BRDA:24,7,0,0
BRDA:24,7,1,NaN
BRF:16
BRH:0
end_of_record
TN:
SF:components\ui\UiButton.vue
FN:119,(anonymous_0)
FN:150,handleClick
FNF:2
FNH:0
FNDA:0,(anonymous_0)
FNDA:0,handleClick
DA:10,0
DA:15,0
DA:38,0
DA:44,0
DA:47,0
DA:48,0
DA:55,0
DA:68,0
DA:112,0
DA:119,0
DA:120,0
DA:123,0
DA:126,0
DA:127,0
DA:128,0
DA:129,0
DA:133,0
DA:134,0
DA:138,0
DA:139,0
DA:143,0
DA:144,0
DA:147,0
DA:151,0
DA:152,0
LF:25
LH:0
BRDA:126,0,0,0
BRDA:126,0,1,0
BRDA:128,1,0,0
BRDA:128,1,1,0
BRDA:133,2,0,0
BRDA:133,2,1,0
BRDA:138,3,0,0
BRDA:138,3,1,0
BRDA:143,4,0,0
BRDA:143,4,1,0
BRDA:151,5,0,0
BRDA:151,5,1,0
BRDA:151,6,0,0
BRDA:151,6,1,0
BRDA:4,7,0,0
BRDA:4,7,1,0
BRDA:10,8,0,0
BRDA:10,8,1,NaN
BRDA:15,9,0,0
BRDA:15,9,1,0
BRDA:15,9,2,0
BRDA:38,10,0,0
BRDA:38,10,1,NaN
BRDA:44,11,0,0
BRDA:44,11,1,NaN
BRDA:47,12,0,0
BRDA:47,12,1,0
BRDA:47,13,0,0
BRDA:47,13,1,0
BRDA:55,14,0,0
BRDA:55,14,1,NaN
BRF:31
BRH:0
end_of_record
TN:
SF:components\ui\UiCheckbox.vue
FN:68,(anonymous_0)
FN:70,handleChange
FNF:2
FNH:0
FNDA:0,(anonymous_0)
FNDA:0,handleChange
DA:16,0
DA:19,0
DA:27,0
DA:56,0
DA:67,0
DA:68,0
DA:71,0
DA:72,0
DA:73,0
DA:77,0
LF:10
LH:0
BRDA:68,0,0,0
BRDA:68,0,1,0
BRDA:7,1,0,0
BRDA:7,1,1,0
BRDA:10,2,0,0
BRDA:10,2,1,0
BRDA:16,3,0,0
BRDA:16,3,1,NaN
BRDA:16,4,0,0
BRDA:16,4,1,0
BRF:10
BRH:0
end_of_record
TN:
SF:components\ui\UiDateInput.vue
FN:146,(anonymous_0)
FN:163,(anonymous_1)
FN:215,getDefaultPlaceholder
FN:229,openPicker
FN:238,handleInput
FN:247,handleChange
FN:256,clearValue
FNF:7
FNH:0
FNDA:0,(anonymous_0)
FNDA:0,(anonymous_1)
FNDA:0,getDefaultPlaceholder
FNDA:0,openPicker
FNDA:0,handleInput
FNDA:0,handleChange
FNDA:0,clearValue
DA:20,0
DA:39,0
DA:46,0
DA:71,0
DA:90,0
DA:134,0
DA:141,0
DA:146,0
DA:147,0
DA:149,0
DA:151,0
DA:153,0
DA:163,0
DA:164,0
DA:165,0
DA:168,0
DA:170,0
DA:171,0
DA:172,0
DA:173,0
DA:175,0
DA:183,0
DA:185,0
DA:186,0
DA:189,0
DA:190,0
DA:201,0
DA:208,0
DA:216,0
DA:218,0
DA:220,0
DA:222,0
DA:230,0
DA:231,0
DA:232,0
DA:239,0
DA:240,0
DA:241,0
DA:248,0
DA:249,0
DA:250,0
DA:257,0
DA:261,0
LF:43
LH:0
BRDA:147,0,0,0
BRDA:147,0,1,0
BRDA:147,0,2,0
BRDA:164,1,0,0
BRDA:164,1,1,0
BRDA:165,2,0,0
BRDA:165,2,1,0
BRDA:170,3,0,0
BRDA:170,3,1,0
BRDA:185,4,0,0
BRDA:185,4,1,0
BRDA:189,5,0,0
BRDA:189,5,1,0
BRDA:216,6,0,0
BRDA:216,6,1,0
BRDA:216,6,2,0
BRDA:230,7,0,0
BRDA:230,7,1,0
BRDA:240,8,0,0
BRDA:240,8,1,0
BRDA:249,9,0,0
BRDA:249,9,1,0
BRDA:20,10,0,0
BRDA:20,10,1,NaN
BRDA:46,11,0,0
BRDA:46,11,1,NaN
BRDA:46,12,0,0
BRDA:46,12,1,0
BRDA:74,13,0,0
BRDA:74,13,1,0
BRDA:75,14,0,0
BRDA:75,14,1,0
BRDA:78,15,0,0
BRDA:78,15,1,0
BRF:34
BRH:0
end_of_record
TN:
SF:components\ui\UiDatePicker.vue
FN:286,(anonymous_0)
FN:289,(anonymous_1)
FN:298,(anonymous_2)
FN:304,(anonymous_3)
FN:329,(anonymous_4)
FN:399,(anonymous_5)
FN:413,formatDateToISO
FN:423,isDateDisabled
FN:436,checkMobile
FN:447,calculatePopupPosition
FN:486,toggleOpen
FN:499,openPopup
FN:519,(anonymous_12)
FN:528,closePopup
FN:536,focusSelectedOrToday
FN:557,goToPreviousMonth
FN:569,goToNextMonth
FN:581,goToToday
FN:599,clearValue
FN:607,selectDay
FN:617,handleTriggerKeydown
FN:627,handlePopupKeydown
FN:637,handleDayKeydown
FN:678,(anonymous_23)
FN:682,(anonymous_24)
FN:701,handleClickOutside
FN:716,handleResize
FN:726,handleScroll
FN:734,(anonymous_28)
FN:735,(anonymous_29)
FN:745,(anonymous_30)
FN:752,(anonymous_31)
FN:66,(anonymous_32)
FN:144,(anonymous_33)
FN:161,(anonymous_34)
FNF:35
FNH:0
FNDA:0,(anonymous_0)
FNDA:0,(anonymous_1)
FNDA:0,(anonymous_2)
FNDA:0,(anonymous_3)
FNDA:0,(anonymous_4)
FNDA:0,(anonymous_5)
FNDA:0,formatDateToISO
FNDA:0,isDateDisabled
FNDA:0,checkMobile
FNDA:0,calculatePopupPosition
FNDA:0,toggleOpen
FNDA:0,openPopup
FNDA:0,(anonymous_12)
FNDA:0,closePopup
FNDA:0,focusSelectedOrToday
FNDA:0,goToPreviousMonth
FNDA:0,goToNextMonth
FNDA:0,goToToday
FNDA:0,clearValue
FNDA:0,selectDay
FNDA:0,handleTriggerKeydown
FNDA:0,handlePopupKeydown
FNDA:0,handleDayKeydown
FNDA:0,(anonymous_23)
FNDA:0,(anonymous_24)
FNDA:0,handleClickOutside
FNDA:0,handleResize
FNDA:0,handleScroll
FNDA:0,(anonymous_28)
FNDA:0,(anonymous_29)
FNDA:0,(anonymous_30)
FNDA:0,(anonymous_31)
FNDA:0,(anonymous_32)
FNDA:0,(anonymous_33)
FNDA:0,(anonymous_34)
DA:2,0
DA:66,0
DA:69,0
DA:73,0
DA:80,0
DA:112,0
DA:144,0
DA:149,0
DA:158,0
DA:161,0
DA:165,0
DA:184,0
DA:201,0
DA:253,0
DA:267,0
DA:273,0
DA:274,0
DA:275,0
DA:276,0
DA:277,0
DA:278,0
DA:281,0
DA:282,0
DA:285,0
DA:286,0
DA:289,0
DA:290,0
DA:291,0
DA:292,0
DA:294,0
DA:298,0
DA:299,0
DA:300,0
DA:304,0
DA:305,0
DA:306,0
DA:309,0
DA:311,0
DA:312,0
DA:314,0
DA:315,0
DA:318,0
DA:324,0
DA:329,0
DA:330,0
DA:331,0
DA:332,0
DA:334,0
DA:337,0
DA:339,0
DA:342,0
DA:343,0
DA:344,0
DA:348,0
DA:349,0
DA:350,0
DA:351,0
DA:352,0
DA:354,0
DA:365,0
DA:366,0
DA:367,0
DA:369,0
DA:380,0
DA:381,0
DA:382,0
DA:383,0
DA:385,0
DA:395,0
DA:399,0
DA:400,0
DA:401,0
DA:404,0
DA:414,0
DA:415,0
DA:416,0
DA:417,0
DA:424,0
DA:425,0
DA:427,0
DA:428,0
DA:430,0
DA:437,0
DA:448,0
DA:450,0
DA:451,0
DA:452,0
DA:453,0
DA:454,0
DA:455,0
DA:456,0
DA:459,0
DA:460,0
DA:461,0
DA:464,0
DA:466,0
DA:467,0
DA:471,0
DA:472,0
DA:476,0
DA:477,0
DA:480,0
DA:487,0
DA:489,0
DA:490,0
DA:492,0
DA:500,0
DA:503,0
DA:504,0
DA:505,0
DA:506,0
DA:508,0
DA:509,0
DA:510,0
DA:513,0
DA:516,0
DA:519,0
DA:520,0
DA:521,0
DA:529,0
DA:530,0
DA:537,0
DA:540,0
DA:541,0
DA:542,0
DA:544,0
DA:545,0
DA:546,0
DA:547,0
DA:549,0
DA:550,0
DA:558,0
DA:559,0
DA:560,0
DA:562,0
DA:570,0
DA:571,0
DA:572,0
DA:574,0
DA:582,0
DA:583,0
DA:586,0
DA:587,0
DA:588,0
DA:589,0
DA:592,0
DA:593,0
DA:600,0
DA:601,0
DA:608,0
DA:610,0
DA:611,0
DA:618,0
DA:619,0
DA:620,0
DA:628,0
DA:629,0
DA:630,0
DA:638,0
DA:639,0
DA:641,0
DA:643,0
DA:644,0
DA:645,0
DA:647,0
DA:648,0
DA:649,0
DA:651,0
DA:652,0
DA:653,0
DA:655,0
DA:656,0
DA:657,0
DA:660,0
DA:661,0
DA:662,0
DA:664,0
DA:668,0
DA:669,0
DA:672,0
DA:673,0
DA:674,0
DA:675,0
DA:678,0
DA:679,0
DA:681,0
DA:682,0
DA:683,0
DA:684,0
DA:685,0
DA:686,0
DA:692,0
DA:693,0
DA:702,0
DA:704,0
DA:705,0
DA:706,0
DA:708,0
DA:709,0
DA:717,0
DA:718,0
DA:719,0
DA:727,0
DA:728,0
DA:733,0
DA:734,0
DA:736,0
DA:737,0
DA:738,0
DA:739,0
DA:745,0
DA:746,0
DA:747,0
DA:748,0
DA:749,0
DA:752,0
DA:753,0
DA:754,0
DA:755,0
DA:759,0
LF:220
LH:0
BRDA:286,0,0,0
BRDA:286,0,1,0
BRDA:291,1,0,0
BRDA:291,1,1,0
BRDA:305,2,0,0
BRDA:305,2,1,0
BRDA:314,3,0,0
BRDA:314,3,1,0
BRDA:343,4,0,0
BRDA:343,4,1,0
BRDA:344,5,0,0
BRDA:344,5,1,0
BRDA:400,6,0,0
BRDA:400,6,1,0
BRDA:424,7,0,0
BRDA:424,7,1,0
BRDA:424,8,0,0
BRDA:424,8,1,0
BRDA:427,9,0,0
BRDA:427,9,1,0
BRDA:427,10,0,0
BRDA:427,10,1,0
BRDA:448,11,0,0
BRDA:448,11,1,0
BRDA:448,12,0,0
BRDA:448,12,1,0
BRDA:448,12,2,0
BRDA:453,13,0,0
BRDA:453,13,1,0
BRDA:464,14,0,0
BRDA:464,14,1,0
BRDA:471,15,0,0
BRDA:471,15,1,0
BRDA:476,16,0,0
BRDA:476,16,1,0
BRDA:487,17,0,0
BRDA:487,17,1,0
BRDA:489,18,0,0
BRDA:489,18,1,0
BRDA:500,19,0,0
BRDA:500,19,1,0
BRDA:503,20,0,0
BRDA:503,20,1,0
BRDA:537,21,0,0
BRDA:537,21,1,0
BRDA:544,22,0,0
BRDA:544,22,1,0
BRDA:544,22,2,0
BRDA:545,23,0,0
BRDA:545,23,1,0
BRDA:547,24,0,0
BRDA:547,24,1,0
BRDA:558,25,0,0
BRDA:558,25,1,0
BRDA:570,26,0,0
BRDA:570,26,1,0
BRDA:586,27,0,0
BRDA:586,27,1,0
BRDA:608,28,0,0
BRDA:608,28,1,0
BRDA:618,29,0,0
BRDA:618,29,1,0
BRDA:618,30,0,0
BRDA:618,30,1,0
BRDA:628,31,0,0
BRDA:628,31,1,0
BRDA:641,32,0,0
BRDA:641,32,1,0
BRDA:641,32,2,0
BRDA:641,32,3,0
BRDA:641,32,4,0
BRDA:641,32,5,0
BRDA:641,32,6,0
BRDA:668,33,0,0
BRDA:668,33,1,0
BRDA:668,34,0,0
BRDA:668,34,1,0
BRDA:668,34,2,0
BRDA:672,35,0,0
BRDA:672,35,1,0
BRDA:682,36,0,0
BRDA:682,36,1,0
BRDA:683,37,0,0
BRDA:683,37,1,0
BRDA:702,38,0,0
BRDA:702,38,1,0
BRDA:708,39,0,0
BRDA:708,39,1,0
BRDA:708,40,0,0
BRDA:708,40,1,0
BRDA:718,41,0,0
BRDA:718,41,1,0
BRDA:718,42,0,0
BRDA:718,42,1,0
BRDA:727,43,0,0
BRDA:727,43,1,0
BRDA:727,44,0,0
BRDA:727,44,1,0
BRDA:736,45,0,0
BRDA:736,45,1,0
BRDA:736,46,0,0
BRDA:736,46,1,0
BRDA:7,47,0,0
BRDA:7,47,1,0
BRDA:69,48,0,0
BRDA:69,48,1,NaN
BRDA:80,49,0,0
BRDA:80,49,1,NaN
BRDA:165,50,0,0
BRDA:165,50,1,0
BRDA:165,51,0,0
BRDA:165,51,1,0
BRDA:166,52,0,0
BRDA:166,52,1,0
BRDA:167,53,0,0
BRDA:167,53,1,0
BRDA:168,54,0,0
BRDA:168,54,1,0
BRDA:168,55,0,0
BRDA:168,55,1,0
BRDA:184,56,0,0
BRDA:184,56,1,NaN
BRDA:184,57,0,0
BRDA:184,57,1,0
BRDA:201,58,0,0
BRDA:201,58,1,NaN
BRDA:201,59,0,0
BRDA:201,59,1,0
BRF:128
BRH:0
end_of_record
TN:
SF:components\ui\UiFormGroup.vue
FN:117,(anonymous_0)
FN:118,(anonymous_1)
FN:119,(anonymous_2)
FN:120,(anonymous_3)
FN:5,(anonymous_4)
FNF:5
FNH:0
FNDA:0,(anonymous_0)
FNDA:0,(anonymous_1)
FNDA:0,(anonymous_2)
FNDA:0,(anonymous_3)
FNDA:0,(anonymous_4)
DA:2,0
DA:6,0
DA:10,0
DA:20,0
DA:21,0
DA:31,0
DA:32,0
DA:55,0
DA:56,0
DA:80,0
DA:114,0
DA:117,0
DA:118,0
DA:119,0
DA:120,0
DA:123,0
LF:16
LH:0
BRDA:118,0,0,0
BRDA:118,0,1,0
BRDA:118,1,0,0
BRDA:118,1,1,0
BRDA:119,2,0,0
BRDA:119,2,1,0
BRDA:119,3,0,0
BRDA:119,3,1,0
BRDA:120,4,0,0
BRDA:120,4,1,0
BRDA:120,5,0,0
BRDA:120,5,1,0
BRDA:6,6,0,0
BRDA:6,6,1,NaN
BRDA:20,7,0,0
BRDA:20,7,1,NaN
BRDA:20,8,0,0
BRDA:20,8,1,0
BRDA:20,8,2,0
BRDA:31,9,0,0
BRDA:31,9,1,NaN
BRDA:55,10,0,0
BRDA:55,10,1,NaN
BRDA:55,11,0,0
BRDA:55,11,1,0
BRF:25
BRH:0
end_of_record
TN:
SF:components\ui\UiFormLabel.vue
FN:28,(anonymous_0)
FNF:1
FNH:0
FNDA:0,(anonymous_0)
DA:13,0
DA:28,0
LF:2
LH:0
BRF:0
BRH:0
end_of_record
TN:
SF:components\ui\UiInput.vue
FN:172,(anonymous_0)
FN:174,handleInput
FNF:2
FNH:0
FNDA:0,(anonymous_0)
FNDA:0,handleInput
DA:2,0
DA:5,0
DA:12,0
DA:45,0
DA:58,0
DA:152,0
DA:171,0
DA:172,0
DA:175,0
DA:176,0
DA:177,0
DA:178,0
DA:182,0
LF:13
LH:0
BRDA:172,0,0,0
BRDA:172,0,1,0
BRDA:176,1,0,0
BRDA:176,1,1,0
BRDA:5,2,0,0
BRDA:5,2,1,NaN
BRDA:16,3,0,0
BRDA:16,3,1,0
BRDA:17,4,0,0
BRDA:17,4,1,0
BRDA:18,5,0,0
BRDA:18,5,1,0
BRDA:26,6,0,0
BRDA:26,6,1,0
BRDA:45,7,0,0
BRDA:45,7,1,NaN
BRF:16
BRH:0
end_of_record
TN:
SF:components\ui\UiMenuItem.vue
FN:39,(anonymous_0)
FN:43,handleClick
FN:2,(anonymous_2)
FNF:3
FNH:0
FNDA:0,(anonymous_0)
FNDA:0,handleClick
FNDA:0,(anonymous_2)
DA:3,0
DA:9,0
DA:21,0
DA:32,0
DA:37,0
DA:39,0
DA:40,0
DA:44,0
DA:46,0
DA:47,0
LF:10
LH:0
BRDA:40,0,0,0
BRDA:40,0,1,0
BRDA:46,1,0,0
BRDA:46,1,1,0
BRDA:9,2,0,0
BRDA:9,2,1,NaN
BRDA:9,3,0,0
BRDA:9,3,1,0
BRF:8
BRH:0
end_of_record
TN:
SF:components\ui\UiModal.vue
FN:127,(anonymous_0)
FN:136,(anonymous_1)
FN:141,(anonymous_2)
FN:149,(anonymous_3)
FN:165,close
FN:172,handleBackdropClick
FN:182,handleEscapeKey
FN:191,getFocusableElements
FN:209,handleTabKey
FN:237,handleKeydown
FN:248,lockBodyScroll
FN:255,unlockBodyScroll
FN:260,(anonymous_12)
FN:260,(anonymous_13)
FN:290,(anonymous_14)
FN:2,(anonymous_15)
FNF:16
FNH:0
FNDA:0,(anonymous_0)
FNDA:0,(anonymous_1)
FNDA:0,(anonymous_2)
FNDA:0,(anonymous_3)
FNDA:0,close
FNDA:0,handleBackdropClick
FNDA:0,handleEscapeKey
FNDA:0,getFocusableElements
FNDA:0,handleTabKey
FNDA:0,handleKeydown
FNDA:0,lockBodyScroll
FNDA:0,unlockBodyScroll
FNDA:0,(anonymous_12)
FNDA:0,(anonymous_13)
FNDA:0,(anonymous_14)
FNDA:0,(anonymous_15)
DA:2,0
DA:5,0
DA:9,0
DA:21,0
DA:22,0
DA:25,0
DA:26,0
DA:32,0
DA:63,0
DA:80,0
DA:119,0
DA:126,0
DA:127,0
DA:129,0
DA:130,0
DA:131,0
DA:136,0
DA:141,0
DA:142,0
DA:143,0
DA:149,0
DA:150,0
DA:152,0
DA:154,0
DA:156,0
DA:158,0
DA:166,0
DA:173,0
DA:174,0
DA:183,0
DA:184,0
DA:192,0
DA:194,0
DA:203,0
DA:210,0
DA:212,0
DA:213,0
DA:215,0
DA:216,0
DA:217,0
DA:219,0
DA:221,0
DA:222,0
DA:223,0
DA:227,0
DA:228,0
DA:229,0
DA:238,0
DA:239,0
DA:240,0
DA:241,0
DA:249,0
DA:256,0
DA:260,0
DA:261,0
DA:263,0
DA:266,0
DA:269,0
DA:272,0
DA:273,0
DA:276,0
DA:279,0
DA:282,0
DA:283,0
DA:284,0
DA:290,0
DA:291,0
DA:292,0
DA:293,0
LF:69
LH:0
BRDA:142,0,0,0
BRDA:142,0,1,0
BRDA:150,1,0,0
BRDA:150,1,1,0
BRDA:150,1,2,0
BRDA:150,1,3,0
BRDA:173,2,0,0
BRDA:173,2,1,0
BRDA:173,3,0,0
BRDA:173,3,1,0
BRDA:183,4,0,0
BRDA:183,4,1,0
BRDA:183,5,0,0
BRDA:183,5,1,0
BRDA:192,6,0,0
BRDA:192,6,1,0
BRDA:210,7,0,0
BRDA:210,7,1,0
BRDA:213,8,0,0
BRDA:213,8,1,0
BRDA:219,9,0,0
BRDA:219,9,1,0
BRDA:221,10,0,0
BRDA:221,10,1,0
BRDA:221,11,0,0
BRDA:221,11,1,0
BRDA:227,12,0,0
BRDA:227,12,1,0
BRDA:227,13,0,0
BRDA:227,13,1,0
BRDA:238,14,0,0
BRDA:238,14,1,0
BRDA:240,15,0,0
BRDA:240,15,1,0
BRDA:261,16,0,0
BRDA:261,16,1,0
BRDA:282,17,0,0
BRDA:282,17,1,0
BRDA:291,18,0,0
BRDA:291,18,1,0
BRDA:5,19,0,0
BRDA:5,19,1,NaN
BRDA:21,20,0,0
BRDA:21,20,1,NaN
BRDA:21,21,0,0
BRDA:21,21,1,0
BRDA:25,22,0,0
BRDA:25,22,1,NaN
BRDA:32,23,0,0
BRDA:32,23,1,NaN
BRDA:63,24,0,0
BRDA:63,24,1,NaN
BRF:52
BRH:0
end_of_record
TN:
SF:components\ui\UiNumberInput.vue
FN:155,(anonymous_0)
FN:166,(anonymous_1)
FN:176,(anonymous_2)
FN:184,(anonymous_3)
FN:192,clampValue
FN:208,roundToStep
FN:217,updateValue
FN:226,increment
FN:234,decrement
FN:242,startIncrement
FN:244,(anonymous_10)
FN:252,startDecrement
FN:254,(anonymous_12)
FN:262,stopRepeat
FN:273,handleInput
FN:288,handleBlur
FN:308,handleKeydown
FN:324,(anonymous_17)
FNF:18
FNH:0
FNDA:0,(anonymous_0)
FNDA:0,(anonymous_1)
FNDA:0,(anonymous_2)
FNDA:0,(anonymous_3)
FNDA:0,clampValue
FNDA:0,roundToStep
FNDA:0,updateValue
FNDA:0,increment
FNDA:0,decrement
FNDA:0,startIncrement
FNDA:0,(anonymous_10)
FNDA:0,startDecrement
FNDA:0,(anonymous_12)
FNDA:0,stopRepeat
FNDA:0,handleInput
FNDA:0,handleBlur
FNDA:0,handleKeydown
FNDA:0,(anonymous_17)
DA:2,0
DA:33,0
DA:36,0
DA:41,0
DA:59,0
DA:62,0
DA:69,0
DA:98,0
DA:147,0
DA:154,0
DA:155,0
DA:156,0
DA:159,0
DA:160,0
DA:161,0
DA:166,0
DA:167,0
DA:168,0
DA:170,0
DA:176,0
DA:177,0
DA:178,0
DA:184,0
DA:185,0
DA:186,0
DA:193,0
DA:195,0
DA:196,0
DA:198,0
DA:199,0
DA:202,0
DA:210,0
DA:211,0
DA:218,0
DA:219,0
DA:220,0
DA:227,0
DA:228,0
DA:235,0
DA:236,0
DA:243,0
DA:244,0
DA:245,0
DA:253,0
DA:254,0
DA:255,0
DA:263,0
DA:264,0
DA:265,0
DA:266,0
DA:274,0
DA:275,0
DA:277,0
DA:279,0
DA:282,0
DA:289,0
DA:292,0
DA:293,0
DA:294,0
DA:295,0
DA:299,0
DA:300,0
DA:301,0
DA:309,0
DA:311,0
DA:313,0
DA:314,0
DA:315,0
DA:317,0
DA:318,0
DA:319,0
DA:324,0
DA:325,0
DA:329,0
LF:74
LH:0
BRDA:155,0,0,0
BRDA:155,0,1,0
BRDA:167,1,0,0
BRDA:167,1,1,0
BRDA:167,2,0,0
BRDA:167,2,1,0
BRDA:177,3,0,0
BRDA:177,3,1,0
BRDA:178,4,0,0
BRDA:178,4,1,0
BRDA:185,5,0,0
BRDA:185,5,1,0
BRDA:186,6,0,0
BRDA:186,6,1,0
BRDA:195,7,0,0
BRDA:195,7,1,0
BRDA:195,8,0,0
BRDA:195,8,1,0
BRDA:198,9,0,0
BRDA:198,9,1,0
BRDA:198,10,0,0
BRDA:198,10,1,0
BRDA:210,11,0,0
BRDA:210,11,1,0
BRDA:227,12,0,0
BRDA:227,12,1,0
BRDA:235,13,0,0
BRDA:235,13,1,0
BRDA:263,14,0,0
BRDA:263,14,1,0
BRDA:277,15,0,0
BRDA:277,15,1,0
BRDA:292,16,0,0
BRDA:292,16,1,0
BRDA:292,17,0,0
BRDA:292,17,1,0
BRDA:293,18,0,0
BRDA:293,18,1,0
BRDA:300,19,0,0
BRDA:300,19,1,0
BRDA:309,20,0,0
BRDA:309,20,1,0
BRDA:311,21,0,0
BRDA:311,21,1,0
BRDA:2,22,0,0
BRDA:2,22,1,0
BRDA:7,23,0,0
BRDA:7,23,1,0
BRDA:33,24,0,0
BRDA:33,24,1,0
BRDA:47,25,0,0
BRDA:47,25,1,0
BRDA:59,26,0,0
BRDA:59,26,1,0
BRDA:69,27,0,0
BRDA:69,27,1,0
BRDA:69,28,0,0
BRDA:69,28,1,0
BRF:58
BRH:0
end_of_record
TN:
SF:components\ui\UiRadio.vue
FN:72,(anonymous_0)
FN:74,handleChange
FNF:2
FNH:0
FNDA:0,(anonymous_0)
FNDA:0,handleChange
DA:17,0
DA:20,0
DA:28,0
DA:60,0
DA:71,0
DA:72,0
DA:75,0
DA:76,0
DA:80,0
LF:9
LH:0
BRDA:72,0,0,0
BRDA:72,0,1,0
BRDA:7,1,0,0
BRDA:7,1,1,0
BRDA:11,2,0,0
BRDA:11,2,1,0
BRDA:17,3,0,0
BRDA:17,3,1,NaN
BRDA:17,4,0,0
BRDA:17,4,1,0
BRF:10
BRH:0
end_of_record
TN:
SF:components\ui\UiSelect.vue
FN:224,(anonymous_0)
FN:225,(anonymous_1)
FN:228,isOptionGroup
FN:233,(anonymous_3)
FN:263,(anonymous_4)
FN:278,getFlatIndex
FN:294,isSelected
FN:299,(anonymous_7)
FN:303,(anonymous_8)
FN:318,(anonymous_9)
FN:324,positionDropdown
FN:353,openDropdown
FN:360,(anonymous_12)
FN:363,(anonymous_13)
FN:371,closeDropdown
FN:384,toggleDropdown
FN:393,selectOption
FN:400,handleTriggerKeydown
FN:419,handleListKeydown
FN:420,(anonymous_19)
FN:422,(anonymous_20)
FN:430,(anonymous_21)
FN:438,(anonymous_22)
FN:446,(anonymous_23)
FN:455,(anonymous_24)
FN:504,handleClickOutside
FN:517,handleScrollResize
FN:524,(anonymous_27)
FN:530,(anonymous_28)
FN:537,(anonymous_29)
FN:53,(anonymous_30)
FN:66,(anonymous_31)
FN:73,(anonymous_32)
FNF:33
FNH:0
FNDA:0,(anonymous_0)
FNDA:0,(anonymous_1)
FNDA:0,isOptionGroup
FNDA:0,(anonymous_3)
FNDA:0,(anonymous_4)
FNDA:0,getFlatIndex
FNDA:0,isSelected
FNDA:0,(anonymous_7)
FNDA:0,(anonymous_8)
FNDA:0,(anonymous_9)
FNDA:0,positionDropdown
FNDA:0,openDropdown
FNDA:0,(anonymous_12)
FNDA:0,(anonymous_13)
FNDA:0,closeDropdown
FNDA:0,toggleDropdown
FNDA:0,selectOption
FNDA:0,handleTriggerKeydown
FNDA:0,handleListKeydown
FNDA:0,(anonymous_19)
FNDA:0,(anonymous_20)
FNDA:0,(anonymous_21)
FNDA:0,(anonymous_22)
FNDA:0,(anonymous_23)
FNDA:0,(anonymous_24)
FNDA:0,handleClickOutside
FNDA:0,handleScrollResize
FNDA:0,(anonymous_27)
FNDA:0,(anonymous_28)
FNDA:0,(anonymous_29)
FNDA:0,(anonymous_30)
FNDA:0,(anonymous_31)
FNDA:0,(anonymous_32)
DA:53,0
DA:56,0
DA:59,0
DA:66,0
DA:68,0
DA:70,0
DA:73,0
DA:74,0
DA:89,0
DA:104,0
DA:118,0
DA:131,0
DA:175,0
DA:205,0
DA:213,0
DA:214,0
DA:215,0
DA:218,0
DA:219,0
DA:220,0
DA:223,0
DA:224,0
DA:225,0
DA:229,0
DA:233,0
DA:234,0
DA:235,0
DA:237,0
DA:238,0
DA:239,0
DA:240,0
DA:247,0
DA:249,0
DA:259,0
DA:263,0
DA:264,0
DA:266,0
DA:267,0
DA:268,0
DA:270,0
DA:274,0
DA:279,0
DA:280,0
DA:281,0
DA:282,0
DA:283,0
DA:285,0
DA:287,0
DA:290,0
DA:295,0
DA:299,0
DA:300,0
DA:303,0
DA:304,0
DA:305,0
DA:308,0
DA:309,0
DA:310,0
DA:314,0
DA:318,0
DA:319,0
DA:320,0
DA:325,0
DA:327,0
DA:328,0
DA:329,0
DA:330,0
DA:333,0
DA:334,0
DA:335,0
DA:338,0
DA:342,0
DA:354,0
DA:356,0
DA:357,0
DA:360,0
DA:361,0
DA:363,0
DA:364,0
DA:366,0
DA:372,0
DA:374,0
DA:375,0
DA:376,0
DA:378,0
DA:379,0
DA:385,0
DA:386,0
DA:388,0
DA:394,0
DA:395,0
DA:396,0
DA:401,0
DA:406,0
DA:407,0
DA:408,0
DA:410,0
DA:411,0
DA:412,0
DA:414,0
DA:420,0
DA:421,0
DA:422,0
DA:425,0
DA:427,0
DA:428,0
DA:429,0
DA:430,0
DA:432,0
DA:435,0
DA:436,0
DA:437,0
DA:438,0
DA:440,0
DA:443,0
DA:444,0
DA:445,0
DA:446,0
DA:449,0
DA:452,0
DA:453,0
DA:454,0
DA:455,0
DA:458,0
DA:462,0
DA:463,0
DA:464,0
DA:466,0
DA:469,0
DA:470,0
DA:471,0
DA:474,0
DA:475,0
DA:479,0
DA:480,0
DA:481,0
DA:482,0
DA:485,0
DA:486,0
DA:487,0
DA:488,0
DA:493,0
DA:494,0
DA:495,0
DA:496,0
DA:505,0
DA:506,0
DA:512,0
DA:518,0
DA:519,0
DA:524,0
DA:525,0
DA:526,0
DA:527,0
DA:530,0
DA:531,0
DA:532,0
DA:533,0
DA:537,0
DA:538,0
DA:540,0
DA:544,0
DA:546,0
DA:547,0
DA:549,0
DA:550,0
DA:552,0
DA:554,0
DA:555,0
DA:557,0
DA:564,0
LF:171
LH:0
BRDA:224,0,0,0
BRDA:224,0,1,0
BRDA:225,1,0,0
BRDA:225,1,1,0
BRDA:229,2,0,0
BRDA:229,2,1,0
BRDA:239,3,0,0
BRDA:239,3,1,0
BRDA:267,4,0,0
BRDA:267,4,1,0
BRDA:281,5,0,0
BRDA:281,5,1,0
BRDA:282,6,0,0
BRDA:282,6,1,0
BRDA:300,7,0,0
BRDA:300,7,1,0
BRDA:300,7,2,0
BRDA:304,8,0,0
BRDA:304,8,1,0
BRDA:305,9,0,0
BRDA:305,9,1,0
BRDA:309,10,0,0
BRDA:309,10,1,0
BRDA:319,11,0,0
BRDA:319,11,1,0
BRDA:325,12,0,0
BRDA:325,12,1,0
BRDA:325,13,0,0
BRDA:325,13,1,0
BRDA:335,14,0,0
BRDA:335,14,1,0
BRDA:338,15,0,0
BRDA:338,15,1,0
BRDA:354,16,0,0
BRDA:354,16,1,0
BRDA:354,17,0,0
BRDA:354,17,1,0
BRDA:361,18,0,0
BRDA:361,18,1,0
BRDA:371,19,0,0
BRDA:372,20,0,0
BRDA:372,20,1,0
BRDA:378,21,0,0
BRDA:378,21,1,0
BRDA:385,22,0,0
BRDA:385,22,1,0
BRDA:401,23,0,0
BRDA:401,23,1,0
BRDA:401,23,2,0
BRDA:401,23,3,0
BRDA:401,23,4,0
BRDA:410,24,0,0
BRDA:410,24,1,0
BRDA:425,25,0,0
BRDA:425,25,1,0
BRDA:425,25,2,0
BRDA:425,25,3,0
BRDA:425,25,4,0
BRDA:425,25,5,0
BRDA:425,25,6,0
BRDA:425,25,7,0
BRDA:425,25,8,0
BRDA:428,26,0,0
BRDA:428,26,1,0
BRDA:436,27,0,0
BRDA:436,27,1,0
BRDA:444,28,0,0
BRDA:444,28,1,0
BRDA:453,29,0,0
BRDA:453,29,1,0
BRDA:463,30,0,0
BRDA:463,30,1,0
BRDA:463,31,0,0
BRDA:463,31,1,0
BRDA:479,32,0,0
BRDA:479,32,1,0
BRDA:479,33,0,0
BRDA:479,33,1,0
BRDA:479,33,2,0
BRDA:486,34,0,0
BRDA:486,34,1,0
BRDA:486,35,0,0
BRDA:486,35,1,0
BRDA:494,36,0,0
BRDA:494,36,1,0
BRDA:494,37,0,0
BRDA:494,37,1,0
BRDA:506,38,0,0
BRDA:506,38,1,0
BRDA:507,39,0,0
BRDA:507,39,1,0
BRDA:507,39,2,0
BRDA:507,39,3,0
BRDA:518,40,0,0
BRDA:518,40,1,0
BRDA:538,41,0,0
BRDA:538,41,1,0
BRDA:538,42,0,0
BRDA:538,42,1,0
BRDA:544,43,0,0
BRDA:544,43,1,0
BRDA:547,44,0,0
BRDA:547,44,1,0
BRDA:547,45,0,0
BRDA:547,45,1,0
BRDA:552,46,0,0
BRDA:552,46,1,0
BRDA:555,47,0,0
BRDA:555,47,1,0
BRDA:17,48,0,0
BRDA:17,48,1,0
BRDA:26,49,0,0
BRDA:26,49,1,0
BRDA:27,50,0,0
BRDA:27,50,1,0
BRDA:56,51,0,0
BRDA:56,51,1,NaN
BRDA:68,52,0,0
BRDA:68,52,1,NaN
BRDA:89,53,0,0
BRDA:89,53,1,NaN
BRDA:118,54,0,0
BRDA:118,54,1,NaN
BRDA:131,55,0,0
BRDA:131,55,1,NaN
BRF:125
BRH:0
end_of_record
TN:
SF:components\ui\UiTextarea.vue
FN:127,(anonymous_0)
FN:129,(anonymous_1)
FN:133,handleInput
FNF:3
FNH:0
FNDA:0,(anonymous_0)
FNDA:0,(anonymous_1)
FNDA:0,handleInput
DA:28,0
DA:107,0
DA:126,0
DA:127,0
DA:129,0
DA:134,0
DA:135,0
DA:136,0
DA:140,0
LF:9
LH:0
BRDA:127,0,0,0
BRDA:127,0,1,0
BRDA:13,1,0,0
BRDA:13,1,1,0
BRDA:16,2,0,0
BRDA:16,2,1,0
BRF:6
BRH:0
end_of_record
TN:
SF:components\ui\UiToggle.vue
FN:112,(anonymous_0)
FN:113,(anonymous_1)
FN:114,(anonymous_2)
FN:116,handleToggle
FNF:4
FNH:0
FNDA:0,(anonymous_0)
FNDA:0,(anonymous_1)
FNDA:0,(anonymous_2)
FNDA:0,handleToggle
DA:8,0
DA:12,0
DA:13,0
DA:16,0
DA:19,0
DA:20,0
DA:23,0
DA:29,0
DA:42,0
DA:46,0
DA:47,0
DA:50,0
DA:53,0
DA:54,0
DA:57,0
DA:66,0
DA:100,0
DA:111,0
DA:112,0
DA:113,0
DA:114,0
DA:117,0
DA:118,0
DA:119,0
DA:120,0
DA:124,0
LF:26
LH:0
BRDA:112,0,0,0
BRDA:112,0,1,0
BRDA:117,1,0,0
BRDA:117,1,1,0
BRDA:8,2,0,0
BRDA:8,2,1,NaN
BRDA:8,3,0,0
BRDA:8,3,1,0
BRDA:8,3,2,0
BRDA:8,3,3,0
BRDA:8,3,4,0
BRDA:12,4,0,0
BRDA:12,4,1,NaN
BRDA:12,5,0,0
BRDA:12,5,1,0
BRDA:19,6,0,0
BRDA:19,6,1,NaN
BRDA:19,7,0,0
BRDA:19,7,1,0
BRDA:34,8,0,0
BRDA:34,8,1,0
BRDA:34,9,0,0
BRDA:34,9,1,0
BRDA:34,10,0,0
BRDA:34,10,1,0
BRDA:42,11,0,0
BRDA:42,11,1,NaN
BRDA:42,12,0,0
BRDA:42,12,1,0
BRDA:42,12,2,0
BRDA:42,12,3,0
BRDA:42,12,4,0
BRDA:46,13,0,0
BRDA:46,13,1,NaN
BRDA:46,14,0,0
BRDA:46,14,1,0
BRDA:53,15,0,0
BRDA:53,15,1,NaN
BRDA:53,16,0,0
BRDA:53,16,1,0
BRF:40
BRH:0
end_of_record
TN:
SF:components\ui\UiTooltip.vue
FN:41,show
FN:42,(anonymous_1)
FN:47,hide
FN:55,(anonymous_3)
FNF:4
FNH:0
FNDA:0,show
FNDA:0,(anonymous_1)
FNDA:0,hide
FNDA:0,(anonymous_3)
DA:2,0
DA:6,0
DA:7,0
DA:20,0
DA:38,0
DA:39,0
DA:42,0
DA:43,0
DA:48,0
DA:49,0
DA:50,0
DA:52,0
DA:55,0
DA:56,0
DA:57,0
LF:15
LH:0
BRDA:48,0,0,0
BRDA:48,0,1,0
BRDA:56,1,0,0
BRDA:56,1,1,0
BRDA:6,2,0,0
BRDA:6,2,1,NaN
BRDA:6,3,0,0
BRDA:6,3,1,0
BRF:8
BRH:0
end_of_record
TN:
SF:composables\useApiError.ts
FN:21,extractApiError
FNF:1
FNH:0
FNDA:0,extractApiError
DA:22,0
DA:23,0
DA:24,0
DA:25,0
DA:26,0
DA:28,0
DA:30,0
LF:7
LH:0
BRDA:22,0,0,0
BRDA:22,0,1,0
BRDA:22,1,0,0
BRDA:22,1,1,0
BRDA:24,2,0,0
BRDA:24,2,1,0
BRDA:24,3,0,0
BRDA:24,3,1,0
BRDA:26,4,0,0
BRDA:26,4,1,0
BRDA:28,5,0,0
BRDA:28,5,1,0
BRF:12
BRH:0
end_of_record
TN:
SF:composables\useAsyncOperation.ts
FN:37,useAsyncOperation
FN:48,execute
FNF:2
FNH:0
FNDA:0,useAsyncOperation
FNDA:0,execute
DA:38,0
DA:39,0
DA:52,0
DA:53,0
DA:55,0
DA:56,0
DA:57,0
DA:59,0
DA:60,0
DA:61,0
DA:63,0
DA:67,0
LF:12
LH:0
BRDA:37,0,0,0
BRDA:59,1,0,0
BRDA:59,1,1,0
BRF:3
BRH:0
end_of_record
TN:
SF:composables\useAuth.ts
FN:15,(anonymous_0)
FN:19,(anonymous_1)
FN:39,(anonymous_2)
FN:59,(anonymous_3)
FN:64,(anonymous_4)
FN:81,(anonymous_5)
FN:82,(anonymous_6)
FN:83,(anonymous_7)
FN:84,(anonymous_8)
FN:85,(anonymous_9)
FN:86,(anonymous_10)
FN:87,(anonymous_11)
FNF:12
FNH:0
FNDA:0,(anonymous_0)
FNDA:0,(anonymous_1)
FNDA:0,(anonymous_2)
FNDA:0,(anonymous_3)
FNDA:0,(anonymous_4)
FNDA:0,(anonymous_5)
FNDA:0,(anonymous_6)
FNDA:0,(anonymous_7)
FNDA:0,(anonymous_8)
FNDA:0,(anonymous_9)
FNDA:0,(anonymous_10)
FNDA:0,(anonymous_11)
DA:15,0
DA:16,0
DA:17,0
DA:19,0
DA:20,0
DA:21,0
DA:22,0
DA:27,0
DA:28,0
DA:30,0
DA:32,0
DA:33,0
DA:35,0
DA:39,0
DA:40,0
DA:41,0
DA:42,0
DA:47,0
DA:48,0
DA:50,0
DA:52,0
DA:53,0
DA:55,0
DA:59,0
DA:60,0
DA:61,0
DA:64,0
DA:66,0
DA:69,0
DA:70,0
DA:73,0
DA:74,0
DA:76,0
DA:79,0
DA:81,0
DA:82,0
DA:83,0
DA:84,0
DA:85,0
DA:86,0
DA:87,0
LF:41
LH:0
BRDA:33,0,0,0
BRDA:33,0,1,0
BRDA:53,1,0,0
BRDA:53,1,1,0
BRDA:66,2,0,0
BRDA:66,2,1,0
BRDA:69,3,0,0
BRDA:69,3,1,0
BRDA:73,4,0,0
BRDA:73,4,1,0
BRF:10
BRH:0
end_of_record
TN:
SF:composables\useAuthFetch.ts
FN:42,useAuthFetch
FN:53,(anonymous_1)
FN:60,(anonymous_2)
FNF:3
FNH:0
FNDA:0,useAuthFetch
FNDA:0,(anonymous_1)
FNDA:0,(anonymous_2)
DA:43,0
DA:53,0
DA:54,0
DA:60,0
DA:61,0
DA:70,0
DA:73,0
DA:74,0
DA:77,0
DA:79,0
DA:81,0
DA:83,0
DA:89,0
DA:93,0
LF:14
LH:0
BRDA:53,0,0,0
BRDA:77,1,0,0
BRDA:77,1,1,0
BRDA:81,2,0,0
BRDA:81,2,1,0
BRF:5
BRH:0
end_of_record
TN:
SF:composables\useBusiness.ts
FN:20,(anonymous_0)
FN:26,(anonymous_1)
FN:55,(anonymous_2)
FN:70,(anonymous_3)
FN:89,(anonymous_4)
FN:105,(anonymous_5)
FN:124,(anonymous_6)
FN:142,(anonymous_7)
FN:161,(anonymous_8)
FN:184,(anonymous_9)
FN:201,(anonymous_10)
FN:220,(anonymous_11)
FN:245,(anonymous_12)
FNF:13
FNH:0
FNDA:0,(anonymous_0)
FNDA:0,(anonymous_1)
FNDA:0,(anonymous_2)
FNDA:0,(anonymous_3)
FNDA:0,(anonymous_4)
FNDA:0,(anonymous_5)
FNDA:0,(anonymous_6)
FNDA:0,(anonymous_7)
FNDA:0,(anonymous_8)
FNDA:0,(anonymous_9)
FNDA:0,(anonymous_10)
FNDA:0,(anonymous_11)
FNDA:0,(anonymous_12)
DA:20,0
DA:21,0
DA:22,0
DA:23,0
DA:24,0
DA:26,0
DA:27,0
DA:28,0
DA:30,0
DA:31,0
DA:37,0
DA:40,0
DA:46,0
DA:48,0
DA:49,0
DA:51,0
DA:55,0
DA:56,0
DA:57,0
DA:59,0
DA:60,0
DA:66,0
DA:69,0
DA:70,0
DA:74,0
DA:80,0
DA:82,0
DA:83,0
DA:85,0
DA:89,0
DA:90,0
DA:91,0
DA:93,0
DA:94,0
DA:96,0
DA:98,0
DA:99,0
DA:101,0
DA:105,0
DA:106,0
DA:107,0
DA:109,0
DA:110,0
DA:115,0
DA:117,0
DA:118,0
DA:120,0
DA:124,0
DA:125,0
DA:126,0
DA:128,0
DA:129,0
DA:133,0
DA:135,0
DA:136,0
DA:138,0
DA:142,0
DA:143,0
DA:144,0
DA:146,0
DA:147,0
DA:152,0
DA:154,0
DA:155,0
DA:157,0
DA:161,0
DA:162,0
DA:163,0
DA:165,0
DA:166,0
DA:170,0
DA:172,0
DA:173,0
DA:175,0
DA:184,0
DA:185,0
DA:186,0
DA:188,0
DA:189,0
DA:195,0
DA:198,0
DA:199,0
DA:200,0
DA:201,0
DA:203,0
DA:206,0
DA:208,0
DA:209,0
DA:211,0
DA:220,0
DA:221,0
DA:222,0
DA:224,0
DA:227,0
DA:236,0
DA:244,0
DA:245,0
DA:247,0
DA:250,0
DA:251,0
DA:254,0
DA:256,0
DA:257,0
DA:259,0
DA:263,0
LF:105
LH:0
BRDA:77,0,0,0
BRDA:77,0,1,0
BRDA:105,1,0,0
BRDA:199,2,0,0
BRDA:199,2,1,0
BRDA:250,3,0,0
BRDA:250,3,1,0
BRF:7
BRH:0
end_of_record
TN:
SF:composables\useCapacitor.ts
FN:17,tryImportCapacitor
FN:74,useCapacitor
FN:79,(anonymous_2)
FN:112,(anonymous_3)
FN:152,(anonymous_4)
FN:156,(anonymous_5)
FN:171,(anonymous_6)
FN:214,(anonymous_7)
FN:231,(anonymous_8)
FN:249,(anonymous_9)
FN:266,(anonymous_10)
FN:283,(anonymous_11)
FN:300,(anonymous_12)
FN:313,(anonymous_13)
FN:314,(anonymous_14)
FN:315,(anonymous_15)
FN:316,(anonymous_16)
FN:317,(anonymous_17)
FNF:18
FNH:0
FNDA:0,tryImportCapacitor
FNDA:0,useCapacitor
FNDA:0,(anonymous_2)
FNDA:0,(anonymous_3)
FNDA:0,(anonymous_4)
FNDA:0,(anonymous_5)
FNDA:0,(anonymous_6)
FNDA:0,(anonymous_7)
FNDA:0,(anonymous_8)
FNDA:0,(anonymous_9)
FNDA:0,(anonymous_10)
FNDA:0,(anonymous_11)
FNDA:0,(anonymous_12)
FNDA:0,(anonymous_13)
FNDA:0,(anonymous_14)
FNDA:0,(anonymous_15)
FNDA:0,(anonymous_16)
FNDA:0,(anonymous_17)
DA:18,0
DA:20,0
DA:21,0
DA:23,0
DA:41,0
DA:42,0
DA:51,0
DA:52,0
DA:79,0
DA:80,0
DA:82,0
DA:83,0
DA:84,0
DA:85,0
DA:87,0
DA:96,0
DA:105,0
DA:112,0
DA:113,0
DA:114,0
DA:117,0
DA:119,0
DA:120,0
DA:121,0
DA:125,0
DA:133,0
DA:134,0
DA:136,0
DA:137,0
DA:139,0
DA:143,0
DA:149,0
DA:150,0
DA:152,0
DA:153,0
DA:156,0
DA:157,0
DA:161,0
DA:163,0
DA:171,0
DA:174,0
DA:175,0
DA:178,0
DA:187,0
DA:188,0
DA:191,0
DA:193,0
DA:195,0
DA:196,0
DA:198,0
DA:199,0
DA:201,0
DA:202,0
DA:204,0
DA:205,0
DA:206,0
DA:214,0
DA:215,0
DA:216,0
DA:219,0
DA:223,0
DA:224,0
DA:231,0
DA:232,0
DA:233,0
DA:236,0
DA:240,0
DA:241,0
DA:249,0
DA:250,0
DA:254,0
DA:255,0
DA:258,0
DA:266,0
DA:267,0
DA:271,0
DA:272,0
DA:273,0
DA:276,0
DA:283,0
DA:284,0
DA:288,0
DA:289,0
DA:292,0
DA:300,0
DA:301,0
DA:302,0
DA:303,0
DA:305,0
DA:306,0
DA:307,0
DA:311,0
DA:313,0
DA:314,0
DA:315,0
DA:316,0
DA:317,0
LF:97
LH:0
BRDA:82,0,0,0
BRDA:82,0,1,0
BRDA:113,1,0,0
BRDA:113,1,1,0
BRDA:113,2,0,0
BRDA:113,2,1,0
BRDA:120,3,0,0
BRDA:120,3,1,0
BRDA:133,4,0,0
BRDA:133,4,1,0
BRDA:136,5,0,0
BRDA:136,5,1,0
BRDA:149,6,0,0
BRDA:149,6,1,0
BRDA:172,7,0,0
BRDA:174,8,0,0
BRDA:174,8,1,0
BRDA:187,9,0,0
BRDA:187,9,1,0
BRDA:193,10,0,0
BRDA:193,10,1,0
BRDA:193,10,2,0
BRDA:193,10,3,0
BRDA:215,11,0,0
BRDA:215,11,1,0
BRDA:223,12,0,0
BRDA:223,12,1,0
BRDA:232,13,0,0
BRDA:232,13,1,0
BRDA:240,14,0,0
BRDA:240,14,1,0
BRDA:254,15,0,0
BRDA:254,15,1,0
BRDA:271,16,0,0
BRDA:271,16,1,0
BRDA:288,17,0,0
BRDA:288,17,1,0
BRDA:301,18,0,0
BRDA:301,18,1,0
BRDA:305,19,0,0
BRDA:305,19,1,0
BRF:41
BRH:0
end_of_record
TN:
SF:composables\useColumnMatcher.ts
FN:27,(anonymous_0)
FN:32,(anonymous_1)
FN:39,(anonymous_2)
FN:63,(anonymous_3)
FN:77,(anonymous_4)
FN:87,(anonymous_5)
FN:124,(anonymous_6)
FN:178,(anonymous_7)
FN:189,(anonymous_8)
FN:224,(anonymous_9)
FN:267,(anonymous_10)
FN:273,(anonymous_11)
FN:277,(anonymous_12)
FN:280,(anonymous_13)
FN:281,(anonymous_14)
FN:285,(anonymous_15)
FNF:16
FNH:0
FNDA:0,(anonymous_0)
FNDA:0,(anonymous_1)
FNDA:0,(anonymous_2)
FNDA:0,(anonymous_3)
FNDA:0,(anonymous_4)
FNDA:0,(anonymous_5)
FNDA:0,(anonymous_6)
FNDA:0,(anonymous_7)
FNDA:0,(anonymous_8)
FNDA:0,(anonymous_9)
FNDA:0,(anonymous_10)
FNDA:0,(anonymous_11)
FNDA:0,(anonymous_12)
FNDA:0,(anonymous_13)
FNDA:0,(anonymous_14)
FNDA:0,(anonymous_15)
DA:8,0
DA:27,0
DA:32,0
DA:33,0
DA:34,0
DA:37,0
DA:39,0
DA:42,0
DA:43,0
DA:46,0
DA:47,0
DA:48,0
DA:49,0
DA:51,0
DA:56,0
DA:63,0
DA:64,0
DA:65,0
DA:67,0
DA:68,0
DA:70,0
DA:77,0
DA:78,0
DA:87,0
DA:91,0
DA:92,0
DA:95,0
DA:96,0
DA:99,0
DA:101,0
DA:102,0
DA:108,0
DA:109,0
DA:111,0
DA:112,0
DA:113,0
DA:118,0
DA:124,0
DA:128,0
DA:131,0
DA:132,0
DA:133,0
DA:134,0
DA:143,0
DA:144,0
DA:145,0
DA:154,0
DA:155,0
DA:157,0
DA:158,0
DA:159,0
DA:161,0
DA:162,0
DA:163,0
DA:171,0
DA:178,0
DA:182,0
DA:183,0
DA:185,0
DA:186,0
DA:187,0
DA:189,0
DA:192,0
DA:193,0
DA:194,0
DA:205,0
DA:217,0
DA:224,0
DA:228,0
DA:229,0
DA:231,0
DA:232,0
DA:235,0
DA:236,0
DA:241,0
DA:245,0
DA:246,0
DA:251,0
DA:255,0
DA:256,0
DA:258,0
DA:267,0
DA:273,0
DA:277,0
DA:278,0
DA:280,0
DA:281,0
DA:284,0
DA:285,0
DA:288,0
DA:294,0
LF:91
LH:0
BRDA:48,0,0,0
BRDA:48,0,1,0
BRDA:64,1,0,0
BRDA:64,1,1,0
BRDA:65,2,0,0
BRDA:65,2,1,0
BRDA:65,3,0,0
BRDA:65,3,1,0
BRDA:99,4,0,0
BRDA:99,4,1,0
BRDA:99,5,0,0
BRDA:99,5,1,0
BRDA:101,6,0,0
BRDA:101,6,1,0
BRDA:101,7,0,0
BRDA:101,7,1,0
BRDA:111,8,0,0
BRDA:111,8,1,0
BRDA:111,9,0,0
BRDA:111,9,1,0
BRDA:112,10,0,0
BRDA:112,10,1,0
BRDA:112,11,0,0
BRDA:112,11,1,0
BRDA:133,12,0,0
BRDA:133,12,1,0
BRDA:144,13,0,0
BRDA:144,13,1,0
BRDA:161,14,0,0
BRDA:161,14,1,0
BRDA:192,15,0,0
BRDA:192,15,1,0
BRDA:235,16,0,0
BRDA:235,16,1,0
BRDA:245,17,0,0
BRDA:245,17,1,0
BRDA:256,18,0,0
BRDA:256,18,1,0
BRDA:280,19,0,0
BRDA:280,19,1,0
BRF:40
BRH:0
end_of_record
TN:
SF:composables\useExport.ts
FN:8,(anonymous_0)
FN:17,(anonymous_1)
FN:52,(anonymous_2)
FN:56,(anonymous_3)
FN:71,(anonymous_4)
FN:91,(anonymous_5)
FN:111,(anonymous_6)
FN:128,(anonymous_7)
FN:140,(anonymous_8)
FN:169,(anonymous_9)
FN:185,(anonymous_10)
FN:234,(anonymous_11)
FN:241,(anonymous_12)
FN:255,(anonymous_13)
FN:256,(anonymous_14)
FNF:15
FNH:15
FNDA:103,(anonymous_0)
FNDA:1457,(anonymous_1)
FNDA:90,(anonymous_2)
FNDA:1391,(anonymous_3)
FNDA:62,(anonymous_4)
FNDA:4,(anonymous_5)
FNDA:19,(anonymous_6)
FNDA:1,(anonymous_7)
FNDA:13,(anonymous_8)
FNDA:97,(anonymous_9)
FNDA:159,(anonymous_10)
FNDA:3,(anonymous_11)
FNDA:4,(anonymous_12)
FNDA:4,(anonymous_13)
FNDA:16,(anonymous_14)
DA:8,1
DA:9,103
DA:11,103
DA:12,103
DA:17,103
DA:21,1457
DA:22,4
DA:25,1453
DA:28,34
DA:29,34
DA:32,11
DA:33,3
DA:36,8
DA:37,8
DA:38,6
DA:40,2
DA:45,1408
DA:52,103
DA:56,90
DA:57,1391
DA:59,1391
DA:60,1457
DA:61,1457
DA:64,1391
DA:71,103
DA:76,62
DA:79,62
DA:82,62
DA:85,62
DA:91,103
DA:96,4
DA:99,4
DA:102,4
DA:105,4
DA:111,103
DA:115,19
DA:116,19
DA:117,19
DA:118,19
DA:120,19
DA:121,19
DA:122,19
DA:123,19
DA:124,19
DA:125,19
DA:128,19
DA:129,1
DA:130,1
DA:133,0
DA:140,103
DA:141,13
DA:142,13
DA:143,13
DA:144,13
DA:146,13
DA:147,17
DA:154,15
DA:156,15
DA:157,8
DA:159,4
DA:163,8
DA:169,103
DA:174,97
DA:175,97
DA:177,97
DA:179,97
DA:180,97
DA:181,13
DA:185,92
DA:186,159
DA:189,92
DA:190,2
DA:191,2
DA:195,90
DA:197,90
DA:198,4
DA:199,4
DA:203,86
DA:204,86
DA:207,97
DA:209,62
DA:210,62
DA:212,4
DA:213,4
DA:215,19
DA:216,19
DA:218,1
DA:219,1
DA:222,81
DA:224,9
DA:225,9
DA:227,97
DA:234,103
DA:235,3
DA:241,103
DA:242,4
DA:244,1
DA:246,1
DA:248,1
DA:250,1
DA:254,103
DA:255,4
DA:256,16
LF:103
LH:102
BRDA:21,0,0,4
BRDA:21,0,1,1453
BRDA:21,1,0,1457
BRDA:21,1,1,1456
BRDA:21,1,2,1454
BRDA:25,2,0,25
BRDA:25,2,1,34
BRDA:25,2,2,11
BRDA:25,2,3,1406
BRDA:25,2,4,1408
BRDA:25,2,5,1408
BRDA:29,3,0,2
BRDA:29,3,1,32
BRDA:32,4,0,3
BRDA:32,4,1,8
BRDA:37,5,0,6
BRDA:37,5,1,2
BRDA:133,6,0,0
BRDA:133,6,1,0
BRDA:156,7,0,8
BRDA:156,7,1,4
BRDA:180,8,0,13
BRDA:180,8,1,84
BRDA:189,9,0,2
BRDA:189,9,1,90
BRDA:197,10,0,4
BRDA:197,10,1,86
BRDA:204,11,0,86
BRDA:204,11,1,82
BRDA:207,12,0,62
BRDA:207,12,1,4
BRDA:207,12,2,19
BRDA:207,12,3,1
BRDA:224,13,0,8
BRDA:224,13,1,1
BRDA:242,14,0,1
BRDA:242,14,1,1
BRDA:242,14,2,1
BRDA:242,14,3,1
BRF:39
BRH:37
end_of_record
TN:
SF:composables\useFileParser.ts
FN:18,(anonymous_0)
FN:30,(anonymous_1)
FN:49,(anonymous_2)
FN:98,(anonymous_3)
FN:107,(anonymous_4)
FN:109,(anonymous_5)
FN:116,(anonymous_6)
FN:118,(anonymous_7)
FN:143,(anonymous_8)
FN:172,(anonymous_9)
FN:176,(anonymous_10)
FN:234,(anonymous_11)
FN:260,(anonymous_12)
FN:266,(anonymous_13)
FN:277,(anonymous_14)
FN:278,(anonymous_15)
FN:282,(anonymous_16)
FN:283,(anonymous_17)
FNF:18
FNH:18
FNDA:83,(anonymous_0)
FNDA:60,(anonymous_1)
FNDA:44,(anonymous_2)
FNDA:15,(anonymous_3)
FNDA:21,(anonymous_4)
FNDA:57,(anonymous_5)
FNDA:21,(anonymous_6)
FNDA:63,(anonymous_7)
FNDA:25,(anonymous_8)
FNDA:135,(anonymous_9)
FNDA:380,(anonymous_10)
FNDA:45,(anonymous_11)
FNDA:9,(anonymous_12)
FNDA:25,(anonymous_13)
FNDA:5,(anonymous_14)
FNDA:19,(anonymous_15)
FNDA:1,(anonymous_16)
FNDA:14,(anonymous_17)
DA:7,1
DA:18,1
DA:19,83
DA:20,83
DA:25,83
DA:30,83
DA:31,60
DA:32,60
DA:34,16
DA:36,3
DA:38,15
DA:40,18
DA:42,8
DA:49,83
DA:50,44
DA:51,44
DA:53,44
DA:55,44
DA:56,1
DA:57,1
DA:60,43
DA:61,43
DA:62,3
DA:63,3
DA:68,40
DA:69,15
DA:71,25
DA:74,33
DA:75,2
DA:76,2
DA:79,31
DA:81,31
DA:88,7
DA:89,7
DA:91,44
DA:98,83
DA:99,15
DA:100,15
DA:101,15
DA:104,15
DA:106,10
DA:107,10
DA:108,21
DA:109,57
DA:112,10
DA:115,10
DA:116,10
DA:117,21
DA:118,63
DA:119,21
DA:123,10
DA:127,4
DA:128,0
DA:131,4
DA:133,5
DA:134,1
DA:136,4
DA:143,83
DA:144,25
DA:145,25
DA:148,25
DA:149,25
DA:150,1
DA:153,23
DA:154,23
DA:155,0
DA:159,23
DA:165,23
DA:172,83
DA:173,135
DA:176,380
DA:179,135
DA:180,2
DA:183,135
DA:185,380
DA:186,21
DA:189,359
DA:192,359
DA:193,244
DA:197,359
DA:198,9081
DA:199,139
DA:200,139
DA:206,135
DA:207,94
DA:208,94
DA:210,94
DA:211,267
DA:212,267
DA:214,267
DA:215,267
DA:217,267
DA:218,50
DA:222,94
DA:223,17
DA:227,135
DA:234,83
DA:235,45
DA:236,44
DA:239,42
DA:240,42
DA:241,42
DA:243,42
DA:244,135
DA:245,135
DA:246,135
DA:248,135
DA:249,51
DA:250,51
DA:254,42
DA:260,83
DA:261,9
DA:262,2
DA:265,7
DA:266,7
DA:267,25
DA:268,3
DA:270,22
DA:277,83
DA:278,19
DA:281,83
DA:282,1
DA:283,14
LF:123
LH:121
BRDA:32,0,0,16
BRDA:32,0,1,3
BRDA:32,0,2,15
BRDA:32,0,3,18
BRDA:32,0,4,8
BRDA:55,1,0,1
BRDA:55,1,1,43
BRDA:61,2,0,3
BRDA:61,2,1,40
BRDA:68,3,0,15
BRDA:68,3,1,25
BRDA:74,4,0,2
BRDA:74,4,1,31
BRDA:88,5,0,7
BRDA:88,5,1,0
BRDA:104,6,0,10
BRDA:104,6,1,5
BRDA:104,7,0,15
BRDA:104,7,1,13
BRDA:104,7,2,11
BRDA:108,8,0,21
BRDA:108,8,1,0
BRDA:108,9,0,21
BRDA:108,9,1,21
BRDA:117,10,0,21
BRDA:117,10,1,0
BRDA:117,11,0,21
BRDA:117,11,1,21
BRDA:118,12,0,63
BRDA:118,12,1,8
BRDA:127,13,0,0
BRDA:127,13,1,4
BRDA:127,14,0,4
BRDA:127,14,1,3
BRDA:127,14,2,1
BRDA:133,15,0,1
BRDA:133,15,1,4
BRDA:149,16,0,1
BRDA:149,16,1,24
BRDA:154,17,0,0
BRDA:154,17,1,23
BRDA:176,18,0,380
BRDA:176,18,1,379
BRDA:176,18,2,378
BRDA:179,19,0,2
BRDA:179,19,1,133
BRDA:185,20,0,21
BRDA:185,20,1,359
BRDA:185,21,0,380
BRDA:185,21,1,379
BRDA:185,21,2,378
BRDA:192,22,0,244
BRDA:192,22,1,115
BRDA:192,23,0,359
BRDA:192,23,1,244
BRDA:198,24,0,139
BRDA:198,24,1,8942
BRDA:206,25,0,94
BRDA:206,25,1,41
BRDA:214,26,0,267
BRDA:214,26,1,202
BRDA:215,27,0,267
BRDA:215,27,1,161
BRDA:217,28,0,50
BRDA:217,28,1,217
BRDA:217,29,0,267
BRDA:217,29,1,178
BRDA:217,29,2,61
BRDA:217,29,3,51
BRDA:222,30,0,17
BRDA:222,30,1,77
BRDA:235,31,0,1
BRDA:235,31,1,44
BRDA:236,32,0,2
BRDA:236,32,1,42
BRDA:245,33,0,94
BRDA:245,33,1,41
BRDA:248,34,0,51
BRDA:248,34,1,84
BRDA:261,35,0,2
BRDA:261,35,1,7
BRDA:261,36,0,9
BRDA:261,36,1,8
BRDA:267,37,0,3
BRDA:267,37,1,22
BRDA:267,38,0,25
BRDA:267,38,1,24
BRDA:267,38,2,23
BRF:88
BRH:83
end_of_record
TN:
SF:composables\useGoogleAuth.ts
FN:92,(anonymous_0)
FN:102,(anonymous_1)
FN:127,(anonymous_2)
FN:147,(anonymous_3)
FN:155,(anonymous_4)
FN:172,(anonymous_5)
FN:188,(anonymous_6)
FN:221,(anonymous_7)
FN:253,(anonymous_8)
FN:265,(anonymous_9)
FN:281,(anonymous_10)
FN:288,(anonymous_11)
FN:293,(anonymous_12)
FN:301,(anonymous_13)
FN:305,(anonymous_14)
FNF:15
FNH:0
FNDA:0,(anonymous_0)
FNDA:0,(anonymous_1)
FNDA:0,(anonymous_2)
FNDA:0,(anonymous_3)
FNDA:0,(anonymous_4)
FNDA:0,(anonymous_5)
FNDA:0,(anonymous_6)
FNDA:0,(anonymous_7)
FNDA:0,(anonymous_8)
FNDA:0,(anonymous_9)
FNDA:0,(anonymous_10)
FNDA:0,(anonymous_11)
FNDA:0,(anonymous_12)
FNDA:0,(anonymous_13)
FNDA:0,(anonymous_14)
DA:92,0
DA:93,0
DA:94,0
DA:95,0
DA:97,0
DA:98,0
DA:99,0
DA:102,0
DA:103,0
DA:104,0
DA:106,0
DA:107,0
DA:112,0
DA:113,0
DA:115,0
DA:117,0
DA:119,0
DA:120,0
DA:121,0
DA:123,0
DA:127,0
DA:128,0
DA:129,0
DA:133,0
DA:143,0
DA:147,0
DA:148,0
DA:149,0
DA:150,0
DA:153,0
DA:155,0
DA:156,0
DA:157,0
DA:158,0
DA:160,0
DA:162,0
DA:163,0
DA:165,0
DA:166,0
DA:172,0
DA:173,0
DA:174,0
DA:175,0
DA:178,0
DA:179,0
DA:181,0
DA:182,0
DA:183,0
DA:184,0
DA:186,0
DA:187,0
DA:188,0
DA:191,0
DA:193,0
[...]
DA:41,0
DA:45,0
DA:46,0
DA:48,0
DA:49,0
DA:51,0
DA:55,0
DA:59,0
DA:63,0
DA:64,0
DA:76,0
DA:77,0
DA:85,0
DA:86,0
DA:87,0
DA:88,0
DA:90,0
LF:21
LH:0
BRDA:37,0,0,0
BRDA:37,0,1,0
BRDA:41,1,0,0
BRDA:41,1,1,0
BRDA:45,2,0,0
BRDA:45,2,1,0
BRDA:48,3,0,0
BRDA:48,3,1,0
BRDA:48,4,0,0
BRDA:48,4,1,0
BRDA:59,5,0,0
BRDA:59,5,1,0
BRDA:63,6,0,0
BRDA:63,6,1,0
BRDA:74,7,0,0
BRDA:76,8,0,0
BRDA:76,8,1,0
BRDA:76,9,0,0
BRDA:76,9,1,0
BRF:19
BRH:0
end_of_record
TN:
SF:server\utils\prisma.ts
FN:3,(anonymous_0)
FNF:1
FNH:0
FNDA:0,(anonymous_0)
DA:3,0
DA:4,0
DA:11,0
DA:15,0
LF:4
LH:0
BRDA:11,0,0,0
BRDA:11,0,1,0
BRDA:15,1,0,0
BRDA:15,1,1,0
BRF:4
BRH:0
end_of_record
TN:
SF:server\utils\sanitization.ts
FN:69,sanitizeString
FN:96,isCurrencyFormat
FN:104,parseCurrencyFormat
FN:155,extractNumber
FN:216,sanitizeNumber
FN:286,sanitizeCurrency
FN:318,parseDate
FN:435,isValidDate
FN:465,sanitizeDate
FN:510,sanitizeCell
FN:566,sanitizeRow
FNF:11
FNH:11
FNDA:43,sanitizeString
FNDA:43,isCurrencyFormat
FNDA:24,parseCurrencyFormat
FNDA:24,extractNumber
FNDA:70,sanitizeNumber
FNDA:18,sanitizeCurrency
FNDA:22,parseDate
FNDA:18,isValidDate
FNDA:28,sanitizeDate
FNDA:46,sanitizeCell
FNDA:13,sanitizeRow
DA:47,1
DA:58,1
DA:71,43
DA:72,4
DA:77,39
DA:78,32
DA:79,7
DA:80,7
DA:82,0
DA:87,39
DA:97,43
DA:106,24
DA:109,24
DA:112,24
DA:115,24
DA:116,24
DA:118,24
DA:120,12
DA:122,0
DA:125,12
DA:127,12
DA:129,3
DA:130,3
DA:132,3
DA:135,0
DA:137,9
DA:139,7
DA:142,24
DA:143,24
DA:144,0
DA:148,24
DA:157,24
DA:158,24
DA:159,1
DA:160,1
DA:162,1
DA:163,1
DA:164,1
DA:166,0
DA:172,23
DA:173,23
DA:174,21
DA:176,21
DA:177,5
DA:178,5
DA:179,5
DA:185,18
DA:186,18
DA:187,1
DA:188,1
DA:189,1
DA:190,1
DA:196,17
DA:197,17
DA:198,15
DA:199,15
DA:200,15
DA:204,2
DA:218,70
DA:219,5
DA:223,65
DA:224,4
DA:225,2
DA:227,2
DA:231,61
DA:234,61
DA:235,3
DA:239,58
DA:240,58
DA:241,13
DA:245,45
DA:246,45
DA:247,2
DA:248,2
DA:249,2
DA:254,43
DA:255,19
DA:256,19
DA:257,19
DA:262,24
DA:263,24
DA:264,22
DA:272,2
DA:288,18
DA:290,18
DA:291,5
DA:293,18
DA:299,1
DA:319,22
DA:322,22
DA:323,22
DA:324,10
DA:325,10
DA:326,10
DA:327,10
DA:328,9
DA:329,9
DA:330,9
DA:333,0
DA:334,0
DA:335,0
DA:338,1
DA:342,12
DA:343,12
DA:344,1
DA:345,1
DA:346,1
DA:347,1
DA:348,1
DA:349,1
DA:351,0
DA:355,11
DA:356,11
DA:357,3
DA:358,3
DA:359,3
DA:360,3
DA:361,3
DA:362,3
DA:363,3
DA:364,3
DA:365,3
DA:367,3
DA:368,3
DA:370,3
DA:371,3
DA:374,0
DA:378,8
DA:379,8
DA:380,4
DA:381,4
DA:382,4
DA:385,4
DA:386,1
DA:387,1
DA:388,1
DA:392,3
DA:393,3
DA:394,3
DA:397,0
DA:401,4
DA:402,4
DA:403,0
DA:404,0
DA:405,0
DA:406,0
DA:407,0
DA:408,0
DA:410,0
DA:411,0
DA:412,0
DA:413,0
DA:416,0
DA:420,4
DA:421,4
DA:423,1
DA:424,1
DA:425,0
DA:429,4
DA:436,18
DA:437,17
DA:440,17
DA:443,17
DA:444,1
DA:445,1
DA:446,1
DA:448,0
DA:451,16
DA:454,17
DA:467,28
DA:468,2
DA:472,26
DA:473,2
DA:474,1
DA:476,1
DA:480,24
DA:483,24
DA:484,2
DA:488,22
DA:489,22
DA:490,17
DA:494,5
DA:511,46
DA:513,16
DA:514,16
DA:516,16
DA:517,16
DA:525,16
DA:528,6
DA:531,4
DA:535,4
DA:536,1
DA:538,3
DA:539,3
DA:540,0
DA:543,3
DA:544,3
DA:545,3
DA:546,4
DA:555,0
DA:570,13
DA:571,13
DA:572,13
DA:574,13
DA:575,33
DA:576,33
DA:578,33
DA:580,33
DA:581,8
DA:582,8
DA:590,13
LF:211
LH:185
BRDA:71,0,0,4
BRDA:71,0,1,39
BRDA:71,1,0,43
BRDA:71,1,1,41
BRDA:77,2,0,32
BRDA:77,2,1,7
BRDA:79,3,0,7
BRDA:79,3,1,0
BRDA:79,4,0,7
BRDA:79,4,1,2
BRDA:106,5,0,24
BRDA:106,5,1,2
BRDA:118,6,0,12
BRDA:118,6,1,12
BRDA:118,7,0,24
BRDA:118,7,1,15
BRDA:120,8,0,0
BRDA:120,8,1,12
BRDA:127,9,0,3
BRDA:127,9,1,9
BRDA:130,10,0,3
BRDA:130,10,1,0
BRDA:130,11,0,3
BRDA:130,11,1,3
BRDA:137,12,0,7
BRDA:137,12,1,2
BRDA:143,13,0,0
BRDA:143,13,1,24
BRDA:148,14,0,4
BRDA:148,14,1,20
BRDA:148,15,0,24
BRDA:148,15,1,22
BRDA:158,16,0,1
BRDA:158,16,1,23
BRDA:160,17,0,1
BRDA:160,17,1,0
BRDA:160,18,0,1
BRDA:160,18,1,1
BRDA:163,19,0,1
BRDA:163,19,1,0
BRDA:173,20,0,21
BRDA:173,20,1,2
BRDA:176,21,0,5
BRDA:176,21,1,16
BRDA:176,22,0,21
BRDA:176,22,1,20
BRDA:178,23,0,5
BRDA:178,23,1,0
BRDA:186,24,0,1
BRDA:186,24,1,17
BRDA:189,25,0,1
BRDA:189,25,1,0
BRDA:189,26,0,1
BRDA:189,26,1,1
BRDA:197,27,0,15
BRDA:197,27,1,2
BRDA:199,28,0,15
BRDA:199,28,1,0
BRDA:199,29,0,15
BRDA:199,29,1,15
BRDA:218,30,0,5
BRDA:218,30,1,65
BRDA:218,31,0,70
BRDA:218,31,1,67
BRDA:223,32,0,4
BRDA:223,32,1,61
BRDA:224,33,0,2
BRDA:224,33,1,2
BRDA:224,34,0,4
BRDA:224,34,1,3
BRDA:234,35,0,3
BRDA:234,35,1,58
BRDA:240,36,0,13
BRDA:240,36,1,45
BRDA:240,37,0,58
BRDA:240,37,1,25
BRDA:240,37,2,25
BRDA:246,38,0,2
BRDA:246,38,1,43
BRDA:248,39,0,2
BRDA:248,39,1,0
BRDA:248,40,0,2
BRDA:248,40,1,2
BRDA:254,41,0,19
BRDA:254,41,1,24
BRDA:256,42,0,19
BRDA:256,42,1,0
BRDA:263,43,0,22
BRDA:263,43,1,2
BRDA:290,44,0,5
BRDA:290,44,1,13
BRDA:323,45,0,10
BRDA:323,45,1,12
BRDA:327,46,0,9
BRDA:327,46,1,1
BRDA:329,47,0,9
BRDA:329,47,1,0
BRDA:334,48,0,0
BRDA:334,48,1,0
BRDA:343,49,0,1
BRDA:343,49,1,11
BRDA:347,50,0,1
BRDA:347,50,1,0
BRDA:356,51,0,3
BRDA:356,51,1,8
BRDA:359,52,0,3
BRDA:359,52,1,0
BRDA:362,53,0,3
BRDA:362,53,1,0
BRDA:363,54,0,1
BRDA:363,54,1,2
BRDA:364,55,0,1
BRDA:364,55,1,2
BRDA:367,56,0,1
BRDA:367,56,1,2
BRDA:367,57,0,3
BRDA:367,57,1,1
BRDA:368,58,0,0
BRDA:368,58,1,3
BRDA:368,59,0,3
BRDA:368,59,1,0
BRDA:379,60,0,4
BRDA:379,60,1,4
BRDA:385,61,0,1
BRDA:385,61,1,3
BRDA:386,62,0,1
BRDA:386,62,1,0
BRDA:392,63,0,3
BRDA:392,63,1,0
BRDA:402,64,0,0
BRDA:402,64,1,4
BRDA:408,65,0,0
BRDA:408,65,1,0
BRDA:410,66,0,0
BRDA:410,66,1,0
BRDA:412,67,0,0
BRDA:412,67,1,0
BRDA:421,68,0,1
BRDA:421,68,1,3
BRDA:424,69,0,0
BRDA:424,69,1,1
BRDA:424,70,0,1
BRDA:424,70,1,1
BRDA:436,71,0,1
BRDA:436,71,1,17
BRDA:436,72,0,18
BRDA:436,72,1,18
BRDA:437,73,0,0
BRDA:437,73,1,17
BRDA:437,74,0,17
BRDA:437,74,1,17
BRDA:443,75,0,1
BRDA:443,75,1,16
BRDA:444,76,0,1
BRDA:444,76,1,1
BRDA:444,76,2,0
BRDA:445,77,0,1
BRDA:445,77,1,0
BRDA:446,78,0,0
BRDA:446,78,1,1
BRDA:448,79,0,0
BRDA:448,79,1,0
BRDA:451,80,0,0
BRDA:451,80,1,16
BRDA:467,81,0,2
BRDA:467,81,1,26
BRDA:467,82,0,28
BRDA:467,82,1,27
BRDA:472,83,0,2
BRDA:472,83,1,24
BRDA:473,84,0,1
BRDA:473,84,1,1
BRDA:483,85,0,2
BRDA:483,85,1,22
BRDA:489,86,0,17
BRDA:489,86,1,5
BRDA:511,87,0,16
BRDA:511,87,1,16
BRDA:511,87,2,6
BRDA:511,87,3,4
BRDA:511,87,4,4
BRDA:511,87,5,0
BRDA:513,88,0,2
BRDA:513,88,1,14
BRDA:513,89,0,16
BRDA:513,89,1,15
BRDA:516,90,0,16
BRDA:516,90,1,5
BRDA:520,91,0,1
BRDA:520,91,1,15
BRDA:535,92,0,1
BRDA:535,92,1,3
BRDA:535,93,0,4
BRDA:535,93,1,3
BRDA:539,94,0,0
BRDA:539,94,1,3
BRDA:545,95,0,3
BRDA:545,95,1,1
BRDA:549,96,0,0
BRDA:549,96,1,3
BRDA:580,97,0,8
BRDA:580,97,1,25
BRDA:583,98,0,8
BRDA:583,98,1,8
BRDA:585,99,0,8
BRDA:585,99,1,0
BRF:206
BRH:166
end_of_record
TN:
SF:server\utils\socket.ts
FN:4,emitInventoryCreated
FN:14,emitInventoryUpdated
FN:24,emitInventoryDeleted
FN:31,emitLogCreated
FN:41,emitLogUndone
FN:55,emitInventoryReset
FN:66,emitOperationCreated
FN:80,emitOperationUndone
FNF:8
FNH:0
FNDA:0,emitInventoryCreated
FNDA:0,emitInventoryUpdated
FNDA:0,emitInventoryDeleted
FNDA:0,emitLogCreated
FNDA:0,emitLogUndone
FNDA:0,emitInventoryReset
FNDA:0,emitOperationCreated
FNDA:0,emitOperationUndone
DA:8,0
DA:9,0
DA:10,0
DA:18,0
DA:19,0
DA:20,0
DA:25,0
DA:26,0
DA:27,0
DA:35,0
DA:36,0
DA:37,0
DA:45,0
DA:46,0
DA:47,0
DA:56,0
DA:57,0
DA:58,0
DA:70,0
DA:71,0
DA:72,0
DA:87,0
DA:88,0
DA:89,0
LF:24
LH:0
BRDA:9,0,0,0
BRDA:9,0,1,0
BRDA:19,1,0,0
BRDA:19,1,1,0
BRDA:26,2,0,0
BRDA:26,2,1,0
BRDA:36,3,0,0
BRDA:36,3,1,0
BRDA:46,4,0,0
BRDA:46,4,1,0
BRDA:57,5,0,0
BRDA:57,5,1,0
BRDA:71,6,0,0
BRDA:71,6,1,0
BRDA:88,7,0,0
BRDA:88,7,1,0
BRF:16
BRH:0
end_of_record
TN:
SF:server\utils\validation.ts
FNF:0
FNH:0
DA:3,2
DA:9,2
DA:14,2
DA:18,2
DA:23,2
DA:33,2
DA:38,2
DA:50,2
LF:8
LH:8
BRF:0
BRH:0
end_of_record
TN:
SF:stores\auth.ts
FN:38,(anonymous_0)
FN:49,(anonymous_1)
FN:50,(anonymous_2)
FN:51,(anonymous_3)
FN:53,(anonymous_4)
FN:55,(anonymous_5)
FN:57,(anonymous_6)
FN:58,(anonymous_7)
FN:59,(anonymous_8)
FN:60,(anonymous_9)
FN:61,(anonymous_10)
FN:62,(anonymous_11)
FN:63,(anonymous_12)
FN:64,(anonymous_13)
FN:66,(anonymous_14)
FN:67,(anonymous_15)
FN:69,(anonymous_16)
FN:74,(anonymous_17)
FN:84,(anonymous_18)
FN:88,(anonymous_19)
FN:94,(anonymous_20)
FN:106,(anonymous_21)
FN:111,(anonymous_22)
FN:116,(anonymous_23)
FN:123,(anonymous_24)
FN:127,(anonymous_25)
FN:149,(anonymous_26)
FN:172,(anonymous_27)
FN:206,(anonymous_28)
FN:253,(anonymous_29)
FNF:30
FNH:0
FNDA:0,(anonymous_0)
FNDA:0,(anonymous_1)
FNDA:0,(anonymous_2)
FNDA:0,(anonymous_3)
FNDA:0,(anonymous_4)
FNDA:0,(anonymous_5)
FNDA:0,(anonymous_6)
FNDA:0,(anonymous_7)
FNDA:0,(anonymous_8)
FNDA:0,(anonymous_9)
FNDA:0,(anonymous_10)
FNDA:0,(anonymous_11)
FNDA:0,(anonymous_12)
FNDA:0,(anonymous_13)
FNDA:0,(anonymous_14)
FNDA:0,(anonymous_15)
FNDA:0,(anonymous_16)
FNDA:0,(anonymous_17)
FNDA:0,(anonymous_18)
FNDA:0,(anonymous_19)
FNDA:0,(anonymous_20)
FNDA:0,(anonymous_21)
FNDA:0,(anonymous_22)
FNDA:0,(anonymous_23)
FNDA:0,(anonymous_24)
FNDA:0,(anonymous_25)
FNDA:0,(anonymous_26)
FNDA:0,(anonymous_27)
FNDA:0,(anonymous_28)
FNDA:0,(anonymous_29)
DA:37,0
DA:38,0
DA:49,0
DA:50,0
DA:51,0
DA:53,0
DA:55,0
DA:57,0
DA:58,0
DA:59,0
DA:60,0
DA:61,0
DA:62,0
DA:63,0
DA:65,0
DA:66,0
DA:67,0
DA:70,0
DA:75,0
DA:76,0
DA:78,0
DA:79,0
DA:80,0
DA:85,0
DA:89,0
DA:90,0
DA:95,0
DA:96,0
DA:97,0
DA:98,0
DA:99,0
DA:100,0
DA:101,0
DA:102,0
DA:107,0
DA:108,0
DA:113,0
DA:117,0
DA:118,0
DA:119,0
DA:124,0
DA:128,0
DA:130,0
DA:131,0
DA:136,0
DA:137,0
DA:140,0
DA:141,0
DA:142,0
DA:144,0
DA:145,0
DA:150,0
DA:152,0
DA:153,0
DA:160,0
DA:161,0
DA:163,0
DA:164,0
DA:173,0
DA:175,0
DA:176,0
DA:184,0
DA:185,0
DA:188,0
DA:189,0
DA:190,0
DA:191,0
DA:196,0
DA:197,0
DA:207,0
DA:208,0
DA:211,0
DA:212,0
DA:225,0
DA:227,0
DA:229,0
DA:232,0
DA:233,0
DA:234,0
DA:235,0
DA:240,0
DA:254,0
DA:255,0
LF:83
LH:0
BRDA:49,0,0,0
BRDA:49,0,1,0
BRDA:58,1,0,0
BRDA:58,1,1,0
BRDA:59,2,0,0
BRDA:59,2,1,0
BRDA:60,3,0,0
BRDA:60,3,1,0
BRDA:65,4,0,0
BRDA:65,4,1,0
BRDA:70,5,0,0
BRDA:70,5,1,0
BRDA:78,6,0,0
BRDA:78,6,1,0
BRDA:89,7,0,0
BRDA:89,7,1,0
BRDA:100,8,0,0
BRDA:100,8,1,0
BRDA:117,9,0,0
BRDA:117,9,1,0
BRDA:128,10,0,0
BRDA:128,10,1,0
BRDA:141,11,0,0
BRDA:141,11,1,0
BRDA:150,12,0,0
BRDA:150,12,1,0
BRDA:172,13,0,0
BRDA:173,14,0,0
BRDA:173,14,1,0
BRDA:188,15,0,0
BRDA:188,15,1,0
BRDA:188,16,0,0
BRDA:188,16,1,0
BRDA:190,17,0,0
BRDA:190,17,1,0
BRDA:206,18,0,0
BRDA:207,19,0,0
BRDA:207,19,1,0
BRDA:232,20,0,0
BRDA:232,20,1,0
BRDA:232,21,0,0
BRDA:232,21,1,0
BRDA:234,22,0,0
BRDA:234,22,1,0
BRDA:254,23,0,0
BRDA:254,23,1,0
BRF:46
BRH:0
end_of_record
TN:
SF:stores\inventory.ts
FN:15,(anonymous_0)
FN:32,(anonymous_1)
FN:32,(anonymous_2)
FN:33,(anonymous_3)
FN:36,(anonymous_4)
FN:37,(anonymous_5)
FN:38,(anonymous_6)
FN:42,(anonymous_7)
FN:50,(anonymous_8)
FN:51,(anonymous_9)
FN:52,(anonymous_10)
FN:56,(anonymous_11)
FN:64,(anonymous_12)
FN:67,(anonymous_13)
FN:67,(anonymous_14)
FN:71,(anonymous_15)
FN:75,(anonymous_16)
FN:79,(anonymous_17)
FN:83,(anonymous_18)
FN:87,(anonymous_19)
FN:92,(anonymous_20)
FN:93,(anonymous_21)
FN:102,(anonymous_22)
FN:103,(anonymous_23)
FN:117,(anonymous_24)
FN:126,(anonymous_25)
FN:130,(anonymous_26)
FN:134,(anonymous_27)
FNF:28
FNH:0
FNDA:0,(anonymous_0)
FNDA:0,(anonymous_1)
FNDA:0,(anonymous_2)
FNDA:0,(anonymous_3)
FNDA:0,(anonymous_4)
FNDA:0,(anonymous_5)
FNDA:0,(anonymous_6)
FNDA:0,(anonymous_7)
FNDA:0,(anonymous_8)
FNDA:0,(anonymous_9)
FNDA:0,(anonymous_10)
FNDA:0,(anonymous_11)
FNDA:0,(anonymous_12)
FNDA:0,(anonymous_13)
FNDA:0,(anonymous_14)
FNDA:0,(anonymous_15)
FNDA:0,(anonymous_16)
FNDA:0,(anonymous_17)
FNDA:0,(anonymous_18)
FNDA:0,(anonymous_19)
FNDA:0,(anonymous_20)
FNDA:0,(anonymous_21)
FNDA:0,(anonymous_22)
FNDA:0,(anonymous_23)
FNDA:0,(anonymous_24)
FNDA:0,(anonymous_25)
FNDA:0,(anonymous_26)
FNDA:0,(anonymous_27)
DA:14,0
DA:15,0
DA:32,0
DA:33,0
DA:37,0
DA:38,0
DA:40,0
DA:42,0
DA:43,0
DA:44,0
DA:45,0
DA:51,0
DA:52,0
DA:54,0
DA:56,0
DA:57,0
DA:58,0
DA:59,0
DA:64,0
DA:67,0
DA:72,0
DA:76,0
DA:80,0
DA:84,0
DA:88,0
DA:89,0
DA:93,0
DA:94,0
DA:95,0
DA:97,0
DA:98,0
DA:103,0
DA:105,0
DA:106,0
DA:108,0
DA:109,0
DA:118,0
DA:127,0
DA:131,0
DA:135,0
LF:40
LH:0
BRDA:40,0,0,0
BRDA:40,0,1,0
BRDA:40,1,0,0
BRDA:40,1,1,0
BRDA:43,2,0,0
BRDA:43,2,1,0
BRDA:44,3,0,0
BRDA:44,3,1,0
BRDA:54,4,0,0
BRDA:54,4,1,0
BRDA:54,5,0,0
BRDA:54,5,1,0
BRDA:57,6,0,0
BRDA:57,6,1,0
BRDA:58,7,0,0
BRDA:58,7,1,0
BRDA:94,8,0,0
BRDA:94,8,1,0
BRDA:97,9,0,0
BRDA:97,9,1,0
BRDA:105,10,0,0
BRDA:105,10,1,0
BRDA:108,11,0,0
BRDA:108,11,1,0
BRF:24
BRH:0
end_of_record
TN:
SF:stores\theme.ts
FN:20,(anonymous_0)
FN:20,(anonymous_1)
FN:27,getInitialThemeId
FN:31,(anonymous_3)
FN:36,(anonymous_4)
FN:44,(anonymous_5)
FN:49,(anonymous_6)
FN:50,(anonymous_7)
FN:53,(anonymous_8)
FN:54,(anonymous_9)
FN:58,(anonymous_10)
FN:60,(anonymous_11)
FN:60,(anonymous_12)
FN:62,(anonymous_13)
FN:62,(anonymous_14)
FN:66,(anonymous_15)
FN:67,(anonymous_16)
FN:78,(anonymous_17)
FN:94,(anonymous_18)
FNF:19
FNH:0
FNDA:0,(anonymous_0)
FNDA:0,(anonymous_1)
FNDA:0,getInitialThemeId
FNDA:0,(anonymous_3)
FNDA:0,(anonymous_4)
FNDA:0,(anonymous_5)
FNDA:0,(anonymous_6)
FNDA:0,(anonymous_7)
FNDA:0,(anonymous_8)
FNDA:0,(anonymous_9)
FNDA:0,(anonymous_10)
FNDA:0,(anonymous_11)
FNDA:0,(anonymous_12)
FNDA:0,(anonymous_13)
FNDA:0,(anonymous_14)
FNDA:0,(anonymous_15)
FNDA:0,(anonymous_16)
FNDA:0,(anonymous_17)
FNDA:0,(anonymous_18)
DA:14,0
DA:20,0
DA:28,0
DA:30,0
DA:31,0
DA:32,0
DA:35,0
DA:36,0
DA:37,0
DA:40,0
DA:43,0
DA:44,0
DA:50,0
DA:54,0
DA:55,0
DA:58,0
DA:60,0
DA:62,0
DA:67,0
DA:68,0
DA:69,0
DA:70,0
DA:72,0
DA:73,0
DA:79,0
DA:81,0
DA:84,0
DA:87,0
DA:88,0
DA:90,0
DA:95,0
DA:96,0
DA:97,0
DA:98,0
DA:100,0
LF:35
LH:0
BRDA:28,0,0,0
BRDA:28,0,1,0
BRDA:31,1,0,0
BRDA:31,1,1,0
BRDA:31,2,0,0
BRDA:31,2,1,0
BRDA:36,3,0,0
BRDA:36,3,1,0
BRDA:36,4,0,0
BRDA:36,4,1,0
BRDA:50,5,0,0
BRDA:50,5,1,0
BRDA:55,6,0,0
BRDA:55,6,1,0
BRDA:68,7,0,0
BRDA:68,7,1,0
BRDA:72,8,0,0
BRDA:72,8,1,0
BRDA:79,9,0,0
BRDA:79,9,1,0
BRDA:87,10,0,0
BRDA:87,10,1,0
BRDA:95,11,0,0
BRDA:95,11,1,0
BRDA:97,12,0,0
BRDA:97,12,1,0
BRF:26
BRH:0
end_of_record
TN:
SF:utils\errorDetection.ts
FN:35,isUnauthorizedError
FNF:1
FNH:0
FNDA:0,isUnauthorizedError
DA:36,0
DA:37,0
DA:40,0
DA:42,0
LF:4
LH:0
BRDA:36,0,0,0
BRDA:36,0,1,0
BRDA:36,1,0,0
BRDA:36,1,1,0
BRDA:43,2,0,0
BRDA:43,2,1,0
BRDA:43,2,2,0
BRF:7
BRH:0
end_of_record
TN:
SF:utils\sanitization.ts
FN:43,sanitizeString
FN:63,isCurrencyFormat
FN:70,parseCurrencyFormat
FN:106,extractNumber
FN:157,sanitizeNumber
FN:218,sanitizeCurrency
FN:247,isValidDate
FN:270,parseDate
FN:383,sanitizeDate
FN:416,sanitizeCell
FN:465,sanitizeRow
FN:495,formatWarningType
FNF:12
FNH:0
FNDA:0,sanitizeString
FNDA:0,isCurrencyFormat
FNDA:0,parseCurrencyFormat
FNDA:0,extractNumber
FNDA:0,sanitizeNumber
FNDA:0,sanitizeCurrency
FNDA:0,isValidDate
FNDA:0,parseDate
FNDA:0,sanitizeDate
FNDA:0,sanitizeCell
FNDA:0,sanitizeRow
FNDA:0,formatWarningType
DA:38,0
DA:44,0
DA:45,0
DA:49,0
DA:50,0
DA:51,0
DA:52,0
DA:54,0
DA:57,0
DA:64,0
DA:71,0
DA:72,0
DA:73,0
DA:75,0
DA:76,0
DA:78,0
DA:79,0
DA:80,0
DA:82,0
DA:84,0
DA:85,0
DA:86,0
DA:87,0
DA:89,0
DA:91,0
DA:92,0
DA:95,0
DA:96,0
DA:97,0
DA:100,0
DA:108,0
DA:109,0
DA:110,0
DA:111,0
DA:112,0
DA:113,0
DA:114,0
DA:116,0
DA:121,0
DA:122,0
DA:123,0
DA:124,0
DA:125,0
DA:126,0
DA:127,0
DA:133,0
DA:134,0
DA:135,0
DA:136,0
DA:137,0
DA:138,0
DA:143,0
DA:144,0
DA:145,0
DA:146,0
DA:147,0
DA:151,0
DA:158,0
DA:159,0
DA:162,0
DA:163,0
DA:164,0
DA:166,0
DA:169,0
DA:171,0
DA:172,0
DA:176,0
DA:177,0
DA:178,0
DA:182,0
DA:183,0
DA:184,0
DA:185,0
DA:186,0
DA:191,0
DA:192,0
DA:193,0
DA:194,0
DA:199,0
DA:200,0
DA:201,0
DA:208,0
DA:219,0
DA:220,0
DA:221,0
DA:223,0
DA:229,0
DA:248,0
DA:249,0
DA:251,0
DA:253,0
DA:254,0
DA:255,0
DA:256,0
DA:258,0
DA:261,0
DA:264,0
DA:271,0
DA:274,0
DA:275,0
DA:276,0
DA:277,0
DA:278,0
DA:279,0
DA:280,0
DA:281,0
DA:282,0
DA:284,0
DA:285,0
DA:286,0
DA:289,0
DA:293,0
DA:294,0
DA:295,0
DA:296,0
DA:297,0
DA:298,0
DA:299,0
DA:300,0
DA:302,0
DA:306,0
DA:307,0
DA:308,0
DA:309,0
DA:310,0
DA:311,0
DA:312,0
DA:313,0
DA:314,0
DA:315,0
DA:316,0
DA:318,0
DA:319,0
DA:321,0
DA:322,0
DA:325,0
DA:329,0
DA:330,0
DA:331,0
DA:332,0
DA:333,0
DA:335,0
DA:336,0
DA:337,0
DA:338,0
DA:341,0
DA:342,0
DA:343,0
DA:346,0
DA:350,0
DA:351,0
DA:352,0
DA:353,0
DA:354,0
DA:355,0
DA:356,0
DA:357,0
DA:359,0
DA:360,0
DA:361,0
DA:362,0
DA:365,0
DA:369,0
DA:370,0
DA:371,0
DA:372,0
DA:373,0
DA:377,0
DA:384,0
DA:385,0
DA:388,0
DA:389,0
DA:390,0
DA:392,0
DA:395,0
DA:397,0
DA:398,0
DA:401,0
DA:402,0
DA:403,0
DA:406,0
DA:417,0
DA:419,0
DA:420,0
DA:422,0
DA:423,0
DA:431,0
DA:434,0
DA:437,0
DA:440,0
DA:441,0
DA:443,0
DA:444,0
DA:445,0
DA:447,0
DA:448,0
DA:449,0
DA:450,0
DA:458,0
DA:469,0
DA:470,0
DA:472,0
DA:473,0
DA:474,0
DA:476,0
DA:478,0
DA:479,0
DA:489,0
DA:496,0
DA:498,0
DA:500,0
DA:502,0
DA:504,0
DA:506,0
LF:214
LH:0
BRDA:44,0,0,0
BRDA:44,0,1,0
BRDA:44,1,0,0
BRDA:44,1,1,0
BRDA:49,2,0,0
BRDA:49,2,1,0
BRDA:51,3,0,0
BRDA:51,3,1,0
BRDA:51,4,0,0
BRDA:51,4,1,0
BRDA:71,5,0,0
BRDA:71,5,1,0
BRDA:78,6,0,0
BRDA:78,6,1,0
BRDA:78,7,0,0
BRDA:78,7,1,0
BRDA:79,8,0,0
BRDA:79,8,1,0
BRDA:84,9,0,0
BRDA:84,9,1,0
BRDA:86,10,0,0
BRDA:86,10,1,0
BRDA:86,11,0,0
BRDA:86,11,1,0
BRDA:91,12,0,0
BRDA:91,12,1,0
BRDA:96,13,0,0
BRDA:96,13,1,0
BRDA:100,14,0,0
BRDA:100,14,1,0
BRDA:100,15,0,0
BRDA:100,15,1,0
BRDA:109,16,0,0
BRDA:109,16,1,0
BRDA:111,17,0,0
BRDA:111,17,1,0
BRDA:111,18,0,0
BRDA:111,18,1,0
BRDA:113,19,0,0
BRDA:113,19,1,0
BRDA:122,20,0,0
BRDA:122,20,1,0
BRDA:124,21,0,0
BRDA:124,21,1,0
BRDA:124,22,0,0
BRDA:124,22,1,0
BRDA:126,23,0,0
BRDA:126,23,1,0
BRDA:134,24,0,0
BRDA:134,24,1,0
BRDA:137,25,0,0
BRDA:137,25,1,0
BRDA:137,26,0,0
BRDA:137,26,1,0
BRDA:144,27,0,0
BRDA:144,27,1,0
BRDA:146,28,0,0
BRDA:146,28,1,0
BRDA:146,29,0,0
BRDA:146,29,1,0
BRDA:158,30,0,0
BRDA:158,30,1,0
BRDA:158,31,0,0
BRDA:158,31,1,0
BRDA:162,32,0,0
BRDA:162,32,1,0
BRDA:163,33,0,0
BRDA:163,33,1,0
BRDA:163,34,0,0
BRDA:163,34,1,0
BRDA:171,35,0,0
BRDA:171,35,1,0
BRDA:177,36,0,0
BRDA:177,36,1,0
BRDA:177,37,0,0
BRDA:177,37,1,0
BRDA:177,37,2,0
BRDA:183,38,0,0
BRDA:183,38,1,0
BRDA:185,39,0,0
BRDA:185,39,1,0
BRDA:185,40,0,0
BRDA:185,40,1,0
BRDA:191,41,0,0
BRDA:191,41,1,0
BRDA:193,42,0,0
BRDA:193,42,1,0
BRDA:200,43,0,0
BRDA:200,43,1,0
BRDA:220,44,0,0
BRDA:220,44,1,0
BRDA:248,45,0,0
BRDA:248,45,1,0
BRDA:248,46,0,0
BRDA:248,46,1,0
BRDA:249,47,0,0
BRDA:249,47,1,0
BRDA:249,48,0,0
BRDA:249,48,1,0
BRDA:253,49,0,0
BRDA:253,49,1,0
BRDA:254,50,0,0
BRDA:254,50,1,0
BRDA:254,50,2,0
BRDA:255,51,0,0
BRDA:255,51,1,0
BRDA:256,52,0,0
BRDA:256,52,1,0
BRDA:258,53,0,0
BRDA:258,53,1,0
BRDA:261,54,0,0
BRDA:261,54,1,0
BRDA:275,55,0,0
BRDA:275,55,1,0
BRDA:279,56,0,0
BRDA:279,56,1,0
BRDA:281,57,0,0
BRDA:281,57,1,0
BRDA:285,58,0,0
BRDA:285,58,1,0
BRDA:294,59,0,0
BRDA:294,59,1,0
BRDA:298,60,0,0
BRDA:298,60,1,0
BRDA:307,61,0,0
BRDA:307,61,1,0
BRDA:310,62,0,0
BRDA:310,62,1,0
BRDA:313,63,0,0
BRDA:313,63,1,0
BRDA:314,64,0,0
BRDA:314,64,1,0
BRDA:315,65,0,0
BRDA:315,65,1,0
BRDA:318,66,0,0
BRDA:318,66,1,0
BRDA:318,67,0,0
BRDA:318,67,1,0
BRDA:319,68,0,0
BRDA:319,68,1,0
BRDA:319,69,0,0
BRDA:319,69,1,0
BRDA:330,70,0,0
BRDA:330,70,1,0
BRDA:335,71,0,0
BRDA:335,71,1,0
BRDA:336,72,0,0
BRDA:336,72,1,0
BRDA:341,73,0,0
BRDA:341,73,1,0
BRDA:351,74,0,0
BRDA:351,74,1,0
BRDA:357,75,0,0
BRDA:357,75,1,0
BRDA:359,76,0,0
BRDA:359,76,1,0
BRDA:361,77,0,0
BRDA:361,77,1,0
BRDA:370,78,0,0
BRDA:370,78,1,0
BRDA:372,79,0,0
BRDA:372,79,1,0
BRDA:372,80,0,0
BRDA:372,80,1,0
BRDA:384,81,0,0
BRDA:384,81,1,0
BRDA:384,82,0,0
BRDA:384,82,1,0
BRDA:388,83,0,0
BRDA:388,83,1,0
BRDA:389,84,0,0
BRDA:389,84,1,0
BRDA:397,85,0,0
BRDA:397,85,1,0
BRDA:402,86,0,0
BRDA:402,86,1,0
BRDA:417,87,0,0
BRDA:417,87,1,0
BRDA:417,87,2,0
BRDA:417,87,3,0
BRDA:417,87,4,0
BRDA:417,87,5,0
BRDA:419,88,0,0
BRDA:419,88,1,0
BRDA:419,89,0,0
BRDA:419,89,1,0
BRDA:422,90,0,0
BRDA:422,90,1,0
BRDA:426,91,0,0
BRDA:426,91,1,0
BRDA:440,92,0,0
BRDA:440,92,1,0
BRDA:440,93,0,0
BRDA:440,93,1,0
BRDA:444,94,0,0
BRDA:444,94,1,0
BRDA:449,95,0,0
BRDA:449,95,1,0
BRDA:453,96,0,0
BRDA:453,96,1,0
BRDA:478,97,0,0
BRDA:478,97,1,0
BRDA:482,98,0,0
BRDA:482,98,1,0
BRDA:482,99,0,0
BRDA:482,99,1,0
BRDA:483,100,0,0
BRDA:483,100,1,0
BRDA:483,101,0,0
BRDA:483,101,1,0
BRDA:484,102,0,0
BRDA:484,102,1,0
BRDA:496,103,0,0
BRDA:496,103,1,0
BRDA:496,103,2,0
BRDA:496,103,3,0
BRDA:496,103,4,0
BRF:217
BRH:0
end_of_record
